<?xml version="1.0" encoding="UTF-8"?>
<testsuite name="project.app.server.service.TitleTestCase" tests="4" skipped="0" failures="0" errors="0" timestamp="2016-01-15T09:44:56" hostname="346dad9903f0" time="0.068">
  <properties/>
  <testcase name="test1Save" classname="project.app.server.service.TitleTestCase" time="0.042"/>
  <testcase name="test2Update" classname="project.app.server.service.TitleTestCase" time="0.01"/>
  <testcase name="test3FindById" classname="project.app.server.service.TitleTestCase" time="0.006"/>
  <testcase name="test4Delete" classname="project.app.server.service.TitleTestCase" time="0.009"/>
  <system-out><![CDATA[Setting logged in user info for ADD
[EL Fine]: sql: 2016-01-15 09:44:56.253--ClientSession(1238997892)--Connection(28579503)--Thread(Thread[Test worker,5,main])--INSERT INTO ast_Title_M (titleId, titles, versionId, createdBy, createdDate, updatedBy, updatedDate, activeStatus, txnAccessCode) VALUES (?, ?, ?, ?, ?, ?, ?, ?, ?)
	bind => [FFAE3437-C08C-4CEF-AF5B-C17839816289, X55YEpsauU8oJfynVgrw6tijSYyVUkYSyxF9R0q5StuHP5BryY, 1, AAAAA, 2016-01-15 09:44:56.225, null, 2016-01-15 09:44:56.225, 1, null]
[EL Fine]: sql: 2016-01-15 09:44:56.261--ClientSession(1047617976)--Connection(28579503)--Thread(Thread[Test worker,5,main])--SELECT titleId, titles, versionId, createdBy, createdDate, updatedBy, updatedDate, activeStatus, txnAccessCode FROM ast_Title_M WHERE ((activeStatus = ?) AND (titleId = ?))
	bind => [1, FFAE3437-C08C-4CEF-AF5B-C17839816289]
Setting logged in user info for UPDATE
[EL Fine]: sql: 2016-01-15 09:44:56.263--ClientSession(1930579569)--Connection(28579503)--Thread(Thread[Test worker,5,main])--SELECT titleId, titles, versionId, createdBy, createdDate, updatedBy, updatedDate, activeStatus, txnAccessCode FROM ast_Title_M WHERE (titleId = ?)
	bind => [FFAE3437-C08C-4CEF-AF5B-C17839816289]
[EL Fine]: sql: 2016-01-15 09:44:56.264--ClientSession(1930579569)--Connection(28579503)--Thread(Thread[Test worker,5,main])--UPDATE ast_Title_M SET titles = ?, updatedBy = ?, versionId = ? WHERE ((titleId = ?) AND (versionId = ?))
	bind => [2XkM9sLRYb1T5DFPAdYcsjpzIyPN5Whs7OC8U6cBUtARD62t9g, AAAAA, 2, FFAE3437-C08C-4CEF-AF5B-C17839816289, 1]
[EL Fine]: sql: 2016-01-15 09:44:56.272--ClientSession(1679846573)--Connection(28579503)--Thread(Thread[Test worker,5,main])--SELECT titleId, titles, versionId, createdBy, createdDate, updatedBy, updatedDate, activeStatus, txnAccessCode FROM ast_Title_M WHERE ((activeStatus = ?) AND (titleId = ?))
	bind => [1, FFAE3437-C08C-4CEF-AF5B-C17839816289]
[EL Fine]: sql: 2016-01-15 09:44:56.278--ClientSession(2037137580)--Connection(28579503)--Thread(Thread[Test worker,5,main])--SELECT titleId, titles, versionId, createdBy, createdDate, updatedBy, updatedDate, activeStatus, txnAccessCode FROM ast_Title_M WHERE (titleId = ?)
	bind => [FFAE3437-C08C-4CEF-AF5B-C17839816289]
[EL Fine]: sql: 2016-01-15 09:44:56.279--ClientSession(2037137580)--Connection(28579503)--Thread(Thread[Test worker,5,main])--DELETE FROM ast_Title_M WHERE ((titleId = ?) AND (versionId = ?))
	bind => [FFAE3437-C08C-4CEF-AF5B-C17839816289, 2]
]]></system-out>
  <system-err><![CDATA[]]></system-err>
</testsuite>
