<?xml version="1.0" encoding="UTF-8"?>
<testsuite name="project.app.server.service.QuestionTestCase" tests="4" skipped="0" failures="0" errors="0" timestamp="2016-01-15T09:44:55" hostname="346dad9903f0" time="0.065">
  <properties/>
  <testcase name="test1Save" classname="project.app.server.service.QuestionTestCase" time="0.042"/>
  <testcase name="test2Update" classname="project.app.server.service.QuestionTestCase" time="0.011"/>
  <testcase name="test3FindById" classname="project.app.server.service.QuestionTestCase" time="0.004"/>
  <testcase name="test4Delete" classname="project.app.server.service.QuestionTestCase" time="0.008"/>
  <system-out><![CDATA[Setting logged in user info for ADD
[EL Fine]: sql: 2016-01-15 09:44:55.321--ClientSession(699933008)--Connection(28579503)--Thread(Thread[Test worker,5,main])--INSERT INTO ast_Question_M (questionId, levelid, question, questionDetails, questionIcon, versionId, createdBy, createdDate, updatedBy, updatedDate, activeStatus, txnAccessCode) VALUES (?, ?, ?, ?, ?, ?, ?, ?, ?, ?, ?, ?)
	bind => [D132A152-1CE8-4532-83C0-2F1147BD20EF, 3, woDJ18DJB1GxtYwAo9gLYefDAFvnfqB9Ey9yCLpj0p0lGb8jq7, 5eI, IReEhfM1mNqdyt6AYGFD8QSjlPo5nvkT8wEbVLTv6FIf9Js63z, 1, AAAAA, 2016-01-15 09:44:55.293, null, 2016-01-15 09:44:55.293, 1, null]
[EL Fine]: sql: 2016-01-15 09:44:55.329--ClientSession(1354874374)--Connection(28579503)--Thread(Thread[Test worker,5,main])--SELECT questionId, levelid, question, questionDetails, questionIcon, versionId, createdBy, createdDate, updatedBy, updatedDate, activeStatus, txnAccessCode FROM ast_Question_M WHERE ((activeStatus = ?) AND (questionId = ?))
	bind => [1, D132A152-1CE8-4532-83C0-2F1147BD20EF]
Setting logged in user info for UPDATE
[EL Fine]: sql: 2016-01-15 09:44:55.331--ClientSession(674240185)--Connection(28579503)--Thread(Thread[Test worker,5,main])--SELECT questionId, levelid, question, questionDetails, questionIcon, versionId, createdBy, createdDate, updatedBy, updatedDate, activeStatus, txnAccessCode FROM ast_Question_M WHERE (questionId = ?)
	bind => [D132A152-1CE8-4532-83C0-2F1147BD20EF]
[EL Fine]: sql: 2016-01-15 09:44:55.332--ClientSession(674240185)--Connection(28579503)--Thread(Thread[Test worker,5,main])--UPDATE ast_Question_M SET levelid = ?, question = ?, questionDetails = ?, questionIcon = ?, updatedBy = ?, versionId = ? WHERE ((questionId = ?) AND (versionId = ?))
	bind => [11, ysLHEF8HCQj0CEZ7XlYqEnK3EJ2uiTcRYtPD2d2AF7E9LfA35W, MW6, G2C0FZc8Tt7f84m1eEHjBnvLd3oGaewWgdekibLmgQETthD1dq, AAAAA, 2, D132A152-1CE8-4532-83C0-2F1147BD20EF, 1]
[EL Fine]: sql: 2016-01-15 09:44:55.339--ClientSession(637535767)--Connection(28579503)--Thread(Thread[Test worker,5,main])--SELECT questionId, levelid, question, questionDetails, questionIcon, versionId, createdBy, createdDate, updatedBy, updatedDate, activeStatus, txnAccessCode FROM ast_Question_M WHERE ((activeStatus = ?) AND (questionId = ?))
	bind => [1, D132A152-1CE8-4532-83C0-2F1147BD20EF]
[EL Fine]: sql: 2016-01-15 09:44:55.344--ClientSession(610244901)--Connection(28579503)--Thread(Thread[Test worker,5,main])--SELECT questionId, levelid, question, questionDetails, questionIcon, versionId, createdBy, createdDate, updatedBy, updatedDate, activeStatus, txnAccessCode FROM ast_Question_M WHERE (questionId = ?)
	bind => [D132A152-1CE8-4532-83C0-2F1147BD20EF]
[EL Fine]: sql: 2016-01-15 09:44:55.345--ClientSession(610244901)--Connection(28579503)--Thread(Thread[Test worker,5,main])--DELETE FROM ast_Question_M WHERE ((questionId = ?) AND (versionId = ?))
	bind => [D132A152-1CE8-4532-83C0-2F1147BD20EF, 2]
]]></system-out>
  <system-err><![CDATA[]]></system-err>
</testsuite>
