<?xml version="1.0" encoding="UTF-8"?>
<testsuite name="project.app.server.service.PasswordAlgoTestCase" tests="4" skipped="0" failures="0" errors="0" timestamp="2016-01-15T09:44:57" hostname="346dad9903f0" time="0.062">
  <properties/>
  <testcase name="test1Save" classname="project.app.server.service.PasswordAlgoTestCase" time="0.04"/>
  <testcase name="test2Update" classname="project.app.server.service.PasswordAlgoTestCase" time="0.01"/>
  <testcase name="test3FindById" classname="project.app.server.service.PasswordAlgoTestCase" time="0.005"/>
  <testcase name="test4Delete" classname="project.app.server.service.PasswordAlgoTestCase" time="0.007"/>
  <system-out><![CDATA[Setting logged in user info for ADD
[EL Fine]: sql: 2016-01-15 09:44:57.394--ClientSession(401562885)--Connection(28579503)--Thread(Thread[Test worker,5,main])--INSERT INTO ast_PasswordAlgo_M (algoId, algoDescription, algoHelp, algoIcon, algoName, algorithm, versionId, createdBy, createdDate, updatedBy, updatedDate, activeStatus, txnAccessCode) VALUES (?, ?, ?, ?, ?, ?, ?, ?, ?, ?, ?, ?, ?)
	bind => [9D027953-34B5-457C-A084-DA2421462BBA, InDP48xhd1jGjTzltmmsyekCwpS0DGAHCGAm85zO2UU8rSOstL, PZihFF4tZad2Tsfj6A6Hy3y4INBdxPbSW9DOyzVz3clPN3dkk5, uHpcOVHvE85hwFqBISrR1jyp9TckJJHm5yj1kpc5VaF7bqha7j, J5XhslPWe0j6naVZWf0rQTI2N8GDP1WMt6J90azGLnrha94d7m, 11, 1, AAAAA, 2016-01-15 09:44:57.369, null, 2016-01-15 09:44:57.369, 1, null]
[EL Fine]: sql: 2016-01-15 09:44:57.404--ClientSession(1855888830)--Connection(28579503)--Thread(Thread[Test worker,5,main])--SELECT algoId, algoDescription, algoHelp, algoIcon, algoName, algorithm, versionId, createdBy, createdDate, updatedBy, updatedDate, activeStatus, txnAccessCode FROM ast_PasswordAlgo_M WHERE ((activeStatus = ?) AND (algoId = ?))
	bind => [1, 9D027953-34B5-457C-A084-DA2421462BBA]
Setting logged in user info for UPDATE
[EL Fine]: sql: 2016-01-15 09:44:57.406--ClientSession(671455613)--Connection(28579503)--Thread(Thread[Test worker,5,main])--SELECT algoId, algoDescription, algoHelp, algoIcon, algoName, algorithm, versionId, createdBy, createdDate, updatedBy, updatedDate, activeStatus, txnAccessCode FROM ast_PasswordAlgo_M WHERE (algoId = ?)
	bind => [9D027953-34B5-457C-A084-DA2421462BBA]
[EL Fine]: sql: 2016-01-15 09:44:57.407--ClientSession(671455613)--Connection(28579503)--Thread(Thread[Test worker,5,main])--UPDATE ast_PasswordAlgo_M SET algoDescription = ?, algoHelp = ?, algoIcon = ?, algoName = ?, algorithm = ?, updatedBy = ?, versionId = ? WHERE ((algoId = ?) AND (versionId = ?))
	bind => [LPgExKFUiZAmlMHfDWmR5A83abdFma1mujdI9dEbtMvtectiwQ, c6dbkzD8L8HF4ZufGD1MJosy7WZDamQXWfVPL0rC2g5OOr8B3q, PMT1prECURB0KIr8mCXeDru4ofOKjPwsSQG2jX64vxnUL7u27g, QwRrr5oi1mI4M4hzkNV2KV6XQZ6ZTCSScFKvOE3L5PFks3UQck, 6, AAAAA, 2, 9D027953-34B5-457C-A084-DA2421462BBA, 1]
[EL Fine]: sql: 2016-01-15 09:44:57.413--ClientSession(1742515190)--Connection(28579503)--Thread(Thread[Test worker,5,main])--SELECT algoId, algoDescription, algoHelp, algoIcon, algoName, algorithm, versionId, createdBy, createdDate, updatedBy, updatedDate, activeStatus, txnAccessCode FROM ast_PasswordAlgo_M WHERE ((activeStatus = ?) AND (algoId = ?))
	bind => [1, 9D027953-34B5-457C-A084-DA2421462BBA]
[EL Fine]: sql: 2016-01-15 09:44:57.417--ClientSession(2071042641)--Connection(28579503)--Thread(Thread[Test worker,5,main])--SELECT algoId, algoDescription, algoHelp, algoIcon, algoName, algorithm, versionId, createdBy, createdDate, updatedBy, updatedDate, activeStatus, txnAccessCode FROM ast_PasswordAlgo_M WHERE (algoId = ?)
	bind => [9D027953-34B5-457C-A084-DA2421462BBA]
[EL Fine]: sql: 2016-01-15 09:44:57.418--ClientSession(2071042641)--Connection(28579503)--Thread(Thread[Test worker,5,main])--DELETE FROM ast_PasswordAlgo_M WHERE ((algoId = ?) AND (versionId = ?))
	bind => [9D027953-34B5-457C-A084-DA2421462BBA, 2]
]]></system-out>
  <system-err><![CDATA[]]></system-err>
</testsuite>
