<?xml version="1.0" encoding="UTF-8"?>
<testsuite name="project.app.server.service.AppCustomerTypeTestCase" tests="4" skipped="0" failures="0" errors="0" timestamp="2016-01-15T09:44:55" hostname="346dad9903f0" time="0.064">
  <properties/>
  <testcase name="test1Save" classname="project.app.server.service.AppCustomerTypeTestCase" time="0.04"/>
  <testcase name="test2Update" classname="project.app.server.service.AppCustomerTypeTestCase" time="0.011"/>
  <testcase name="test3FindById" classname="project.app.server.service.AppCustomerTypeTestCase" time="0.005"/>
  <testcase name="test4Delete" classname="project.app.server.service.AppCustomerTypeTestCase" time="0.008"/>
  <system-out><![CDATA[Setting logged in user info for ADD
[EL Fine]: sql: 2016-01-15 09:44:55.623--ClientSession(1420375420)--Connection(28579503)--Thread(Thread[Test worker,5,main])--INSERT INTO ast_AppCustomerType_M (appcustTypeId, customerType, defaults, sequenceId, versionId, createdBy, createdDate, updatedBy, updatedDate, activeStatus, txnAccessCode) VALUES (?, ?, ?, ?, ?, ?, ?, ?, ?, ?, ?)
	bind => [290117B2-8E77-4C99-80FF-D3D51B440306, bPJdX0S24sF23H1jUO0yjYyyEgBV3l6SY6u4FzS2oxvNT9TYRx, 1, 2147483647, 1, AAAAA, 2016-01-15 09:44:55.596, null, 2016-01-15 09:44:55.596, 1, null]
[EL Fine]: sql: 2016-01-15 09:44:55.63--ClientSession(1015538022)--Connection(28579503)--Thread(Thread[Test worker,5,main])--SELECT appcustTypeId, customerType, defaults, sequenceId, versionId, createdBy, createdDate, updatedBy, updatedDate, activeStatus, txnAccessCode FROM ast_AppCustomerType_M WHERE ((activeStatus = ?) AND (appcustTypeId = ?))
	bind => [1, 290117B2-8E77-4C99-80FF-D3D51B440306]
Setting logged in user info for UPDATE
[EL Fine]: sql: 2016-01-15 09:44:55.632--ClientSession(227639733)--Connection(28579503)--Thread(Thread[Test worker,5,main])--SELECT appcustTypeId, customerType, defaults, sequenceId, versionId, createdBy, createdDate, updatedBy, updatedDate, activeStatus, txnAccessCode FROM ast_AppCustomerType_M WHERE (appcustTypeId = ?)
	bind => [290117B2-8E77-4C99-80FF-D3D51B440306]
[EL Fine]: sql: 2016-01-15 09:44:55.633--ClientSession(227639733)--Connection(28579503)--Thread(Thread[Test worker,5,main])--UPDATE ast_AppCustomerType_M SET customerType = ?, defaults = ?, updatedBy = ?, versionId = ? WHERE ((appcustTypeId = ?) AND (versionId = ?))
	bind => [yoyibyTs7wBHzBLVv3KFwEbZwMc4HukNM2pvbj7CH7lPKbMQHE, 0, AAAAA, 2, 290117B2-8E77-4C99-80FF-D3D51B440306, 1]
[EL Fine]: sql: 2016-01-15 09:44:55.641--ClientSession(785690228)--Connection(28579503)--Thread(Thread[Test worker,5,main])--SELECT appcustTypeId, customerType, defaults, sequenceId, versionId, createdBy, createdDate, updatedBy, updatedDate, activeStatus, txnAccessCode FROM ast_AppCustomerType_M WHERE ((activeStatus = ?) AND (appcustTypeId = ?))
	bind => [1, 290117B2-8E77-4C99-80FF-D3D51B440306]
[EL Fine]: sql: 2016-01-15 09:44:55.645--ClientSession(530693432)--Connection(28579503)--Thread(Thread[Test worker,5,main])--SELECT appcustTypeId, customerType, defaults, sequenceId, versionId, createdBy, createdDate, updatedBy, updatedDate, activeStatus, txnAccessCode FROM ast_AppCustomerType_M WHERE (appcustTypeId = ?)
	bind => [290117B2-8E77-4C99-80FF-D3D51B440306]
[EL Fine]: sql: 2016-01-15 09:44:55.647--ClientSession(530693432)--Connection(28579503)--Thread(Thread[Test worker,5,main])--DELETE FROM ast_AppCustomerType_M WHERE ((appcustTypeId = ?) AND (versionId = ?))
	bind => [290117B2-8E77-4C99-80FF-D3D51B440306, 2]
]]></system-out>
  <system-err><![CDATA[]]></system-err>
</testsuite>
