<?xml version="1.0" encoding="UTF-8"?>
<testsuite name="project.app.server.service.AppCustomerCategoryTestCase" tests="4" skipped="0" failures="0" errors="0" timestamp="2016-01-15T09:44:56" hostname="346dad9903f0" time="0.062">
  <properties/>
  <testcase name="test1Save" classname="project.app.server.service.AppCustomerCategoryTestCase" time="0.041"/>
  <testcase name="test2Update" classname="project.app.server.service.AppCustomerCategoryTestCase" time="0.01"/>
  <testcase name="test3FindById" classname="project.app.server.service.AppCustomerCategoryTestCase" time="0.004"/>
  <testcase name="test4Delete" classname="project.app.server.service.AppCustomerCategoryTestCase" time="0.007"/>
  <system-out><![CDATA[Setting logged in user info for ADD
[EL Fine]: sql: 2016-01-15 09:44:56.185--ClientSession(1684737642)--Connection(28579503)--Thread(Thread[Test worker,5,main])--INSERT INTO ast_AppCustomerCategory_M (appcustCategoryId, customerCategory, versionId, createdBy, createdDate, updatedBy, updatedDate, activeStatus, txnAccessCode) VALUES (?, ?, ?, ?, ?, ?, ?, ?, ?)
	bind => [0E5634B6-6D1E-40B1-9FE8-96FD9B6BD706, vZHutJPBLdImZundnqVTXMXiRQ8T29s7HVwALDqAuKwHhRTHKc, 1, AAAAA, 2016-01-15 09:44:56.158, null, 2016-01-15 09:44:56.158, 1, null]
[EL Fine]: sql: 2016-01-15 09:44:56.193--ClientSession(182633690)--Connection(28579503)--Thread(Thread[Test worker,5,main])--SELECT appcustCategoryId, customerCategory, versionId, createdBy, createdDate, updatedBy, updatedDate, activeStatus, txnAccessCode FROM ast_AppCustomerCategory_M WHERE ((activeStatus = ?) AND (appcustCategoryId = ?))
	bind => [1, 0E5634B6-6D1E-40B1-9FE8-96FD9B6BD706]
Setting logged in user info for UPDATE
[EL Fine]: sql: 2016-01-15 09:44:56.195--ClientSession(1463756965)--Connection(28579503)--Thread(Thread[Test worker,5,main])--SELECT appcustCategoryId, customerCategory, versionId, createdBy, createdDate, updatedBy, updatedDate, activeStatus, txnAccessCode FROM ast_AppCustomerCategory_M WHERE (appcustCategoryId = ?)
	bind => [0E5634B6-6D1E-40B1-9FE8-96FD9B6BD706]
[EL Fine]: sql: 2016-01-15 09:44:56.196--ClientSession(1463756965)--Connection(28579503)--Thread(Thread[Test worker,5,main])--UPDATE ast_AppCustomerCategory_M SET customerCategory = ?, updatedBy = ?, versionId = ? WHERE ((appcustCategoryId = ?) AND (versionId = ?))
	bind => [g1RtujgzcbVym0VhV3kJntzzYG2sEs3ZPc5O9OSmJO7iFVaPOP, AAAAA, 2, 0E5634B6-6D1E-40B1-9FE8-96FD9B6BD706, 1]
[EL Fine]: sql: 2016-01-15 09:44:56.202--ClientSession(606631737)--Connection(28579503)--Thread(Thread[Test worker,5,main])--SELECT appcustCategoryId, customerCategory, versionId, createdBy, createdDate, updatedBy, updatedDate, activeStatus, txnAccessCode FROM ast_AppCustomerCategory_M WHERE ((activeStatus = ?) AND (appcustCategoryId = ?))
	bind => [1, 0E5634B6-6D1E-40B1-9FE8-96FD9B6BD706]
[EL Fine]: sql: 2016-01-15 09:44:56.206--ClientSession(641991307)--Connection(28579503)--Thread(Thread[Test worker,5,main])--SELECT appcustCategoryId, customerCategory, versionId, createdBy, createdDate, updatedBy, updatedDate, activeStatus, txnAccessCode FROM ast_AppCustomerCategory_M WHERE (appcustCategoryId = ?)
	bind => [0E5634B6-6D1E-40B1-9FE8-96FD9B6BD706]
[EL Fine]: sql: 2016-01-15 09:44:56.207--ClientSession(641991307)--Connection(28579503)--Thread(Thread[Test worker,5,main])--DELETE FROM ast_AppCustomerCategory_M WHERE ((appcustCategoryId = ?) AND (versionId = ?))
	bind => [0E5634B6-6D1E-40B1-9FE8-96FD9B6BD706, 2]
]]></system-out>
  <system-err><![CDATA[]]></system-err>
</testsuite>
