<?xml version="1.0" encoding="UTF-8"?>
<testsuite name="project.app.server.service.GenderTestCase" tests="4" skipped="0" failures="0" errors="0" timestamp="2016-01-15T09:44:55" hostname="346dad9903f0" time="0.06">
  <properties/>
  <testcase name="test1Save" classname="project.app.server.service.GenderTestCase" time="0.039"/>
  <testcase name="test2Update" classname="project.app.server.service.GenderTestCase" time="0.01"/>
  <testcase name="test3FindById" classname="project.app.server.service.GenderTestCase" time="0.004"/>
  <testcase name="test4Delete" classname="project.app.server.service.GenderTestCase" time="0.007"/>
  <system-out><![CDATA[Setting logged in user info for ADD
[EL Fine]: sql: 2016-01-15 09:44:55.768--ClientSession(1946289901)--Connection(28579503)--Thread(Thread[Test worker,5,main])--INSERT INTO ast_Gender_M (genderId, gender, versionId, createdBy, createdDate, updatedBy, updatedDate, activeStatus, txnAccessCode) VALUES (?, ?, ?, ?, ?, ?, ?, ?, ?)
	bind => [8164D067-D88C-4A28-ADD0-D9E4AF231767, 2KVNp2GM7klM6dlUTHmanBqGXDo1hCzotda6lR8q6U6yFz2QeA, 1, AAAAA, 2016-01-15 09:44:55.743, null, 2016-01-15 09:44:55.743, 1, null]
[EL Fine]: sql: 2016-01-15 09:44:55.775--ClientSession(169165235)--Connection(28579503)--Thread(Thread[Test worker,5,main])--SELECT genderId, gender, versionId, createdBy, createdDate, updatedBy, updatedDate, activeStatus, txnAccessCode FROM ast_Gender_M WHERE ((activeStatus = ?) AND (genderId = ?))
	bind => [1, 8164D067-D88C-4A28-ADD0-D9E4AF231767]
Setting logged in user info for UPDATE
[EL Fine]: sql: 2016-01-15 09:44:55.777--ClientSession(119810995)--Connection(28579503)--Thread(Thread[Test worker,5,main])--SELECT genderId, gender, versionId, createdBy, createdDate, updatedBy, updatedDate, activeStatus, txnAccessCode FROM ast_Gender_M WHERE (genderId = ?)
	bind => [8164D067-D88C-4A28-ADD0-D9E4AF231767]
[EL Fine]: sql: 2016-01-15 09:44:55.779--ClientSession(119810995)--Connection(28579503)--Thread(Thread[Test worker,5,main])--UPDATE ast_Gender_M SET gender = ?, updatedBy = ?, versionId = ? WHERE ((genderId = ?) AND (versionId = ?))
	bind => [aIEwloGw8cT7N0jSIF3UPCQLars54ouokQ9MzpIEh2fV3NcbFi, AAAAA, 2, 8164D067-D88C-4A28-ADD0-D9E4AF231767, 1]
[EL Fine]: sql: 2016-01-15 09:44:55.784--ClientSession(1321811530)--Connection(28579503)--Thread(Thread[Test worker,5,main])--SELECT genderId, gender, versionId, createdBy, createdDate, updatedBy, updatedDate, activeStatus, txnAccessCode FROM ast_Gender_M WHERE ((activeStatus = ?) AND (genderId = ?))
	bind => [1, 8164D067-D88C-4A28-ADD0-D9E4AF231767]
[EL Fine]: sql: 2016-01-15 09:44:55.789--ClientSession(1120482735)--Connection(28579503)--Thread(Thread[Test worker,5,main])--SELECT genderId, gender, versionId, createdBy, createdDate, updatedBy, updatedDate, activeStatus, txnAccessCode FROM ast_Gender_M WHERE (genderId = ?)
	bind => [8164D067-D88C-4A28-ADD0-D9E4AF231767]
[EL Fine]: sql: 2016-01-15 09:44:55.79--ClientSession(1120482735)--Connection(28579503)--Thread(Thread[Test worker,5,main])--DELETE FROM ast_Gender_M WHERE ((genderId = ?) AND (versionId = ?))
	bind => [8164D067-D88C-4A28-ADD0-D9E4AF231767, 2]
]]></system-out>
  <system-err><![CDATA[]]></system-err>
</testsuite>
