<?xml version="1.0" encoding="UTF-8"?>
<testsuite name="com.app.server.service.TimezoneTestCase" tests="4" skipped="0" failures="0" errors="0" timestamp="2015-12-21T07:35:40" hostname="e39261aec3e6" time="0.055">
  <properties/>
  <testcase name="test1Save" classname="com.app.server.service.TimezoneTestCase" time="0.035"/>
  <testcase name="test2Update" classname="com.app.server.service.TimezoneTestCase" time="0.009"/>
  <testcase name="test3FindById" classname="com.app.server.service.TimezoneTestCase" time="0.004"/>
  <testcase name="test4Delete" classname="com.app.server.service.TimezoneTestCase" time="0.006"/>
  <system-out><![CDATA[Setting logged in user info for ADD
In around repository aspect
[EL Fine]: sql: 2015-12-21 07:35:40.82--ClientSession(828992732)--Connection(248153341)--Thread(Thread[Test worker,5,main])--INSERT INTO ast_Timezone_M (timeZoneId, cities, country, gmtLabel, timeZoneLabel, utcdifference, versionId, createdBy, createdDate, updatedBy, updatedDate, activeStatus, txnAccessCode) VALUES (?, ?, ?, ?, ?, ?, ?, ?, ?, ?, ?, ?, ?)
	bind => [08995BD4-10EE-48AC-957F-2E10166E488F, jwmCQdDc20afIUFZ8kiG2grtqMkFv3z9GKL5AfOLrXm0XkAj0i, hqGupx1FdalpsyVIuwGefevsb6AxDMOgx2nJ4KYKSRbU5NB0og, 0qb3hrgVvjPNboU4Te8RfkdeThGNaQl2sulTOKUzOCNniAw2OL, AsB7vlp3usNlaOKNNoYosDTTHTMncjPqIi8C6bHhx5CbfyS6QT, 1, 1, AAAAA, 2015-12-21 13:05:40.796, null, 2015-12-21 13:05:40.796, 1, null]
In around repository aspect
[EL Fine]: sql: 2015-12-21 07:35:40.827--ClientSession(898987848)--Connection(248153341)--Thread(Thread[Test worker,5,main])--SELECT timeZoneId, cities, country, gmtLabel, timeZoneLabel, utcdifference, versionId, createdBy, createdDate, updatedBy, updatedDate, activeStatus, txnAccessCode FROM ast_Timezone_M WHERE ((activeStatus = ?) AND (timeZoneId = ?))
	bind => [1, 08995BD4-10EE-48AC-957F-2E10166E488F]
Setting logged in user info for UPDATE
In around repository aspect
[EL Fine]: sql: 2015-12-21 07:35:40.829--ClientSession(134717147)--Connection(248153341)--Thread(Thread[Test worker,5,main])--SELECT timeZoneId, cities, country, gmtLabel, timeZoneLabel, utcdifference, versionId, createdBy, createdDate, updatedBy, updatedDate, activeStatus, txnAccessCode FROM ast_Timezone_M WHERE (timeZoneId = ?)
	bind => [08995BD4-10EE-48AC-957F-2E10166E488F]
[EL Fine]: sql: 2015-12-21 07:35:40.83--ClientSession(134717147)--Connection(248153341)--Thread(Thread[Test worker,5,main])--UPDATE ast_Timezone_M SET cities = ?, country = ?, gmtLabel = ?, timeZoneLabel = ?, updatedBy = ?, versionId = ? WHERE ((timeZoneId = ?) AND (versionId = ?))
	bind => [AlNVwp39cnmCPEx6W5A6VRBvCiAYSUAjSVMVRWEhFAuv67KcHk, lEt4SolSSlWd7WF1c2B4XryWBnsb7XjQpQ1rc8wbsCEoC8jNIm, 5scQylqNEWJGP54E8YN6tDscU0cbvtK91yiGmV4EvbGTzdQ5Qk, pU9ZOxuU0doFX2wWSPwPSa7CmNXavPA3gi9DpHiHqWjzxjSlcY, AAAAA, 2, 08995BD4-10EE-48AC-957F-2E10166E488F, 1]
In around repository aspect
[EL Fine]: sql: 2015-12-21 07:35:40.835--ClientSession(1742600335)--Connection(248153341)--Thread(Thread[Test worker,5,main])--SELECT timeZoneId, cities, country, gmtLabel, timeZoneLabel, utcdifference, versionId, createdBy, createdDate, updatedBy, updatedDate, activeStatus, txnAccessCode FROM ast_Timezone_M WHERE ((activeStatus = ?) AND (timeZoneId = ?))
	bind => [1, 08995BD4-10EE-48AC-957F-2E10166E488F]
In around repository aspect
[EL Fine]: sql: 2015-12-21 07:35:40.84--ClientSession(1092637790)--Connection(248153341)--Thread(Thread[Test worker,5,main])--SELECT timeZoneId, cities, country, gmtLabel, timeZoneLabel, utcdifference, versionId, createdBy, createdDate, updatedBy, updatedDate, activeStatus, txnAccessCode FROM ast_Timezone_M WHERE (timeZoneId = ?)
	bind => [08995BD4-10EE-48AC-957F-2E10166E488F]
[EL Fine]: sql: 2015-12-21 07:35:40.841--ClientSession(1092637790)--Connection(248153341)--Thread(Thread[Test worker,5,main])--DELETE FROM ast_Timezone_M WHERE ((timeZoneId = ?) AND (versionId = ?))
	bind => [08995BD4-10EE-48AC-957F-2E10166E488F, 2]
]]></system-out>
  <system-err><![CDATA[]]></system-err>
</testsuite>
