<?xml version="1.0" encoding="UTF-8"?>
<testsuite name="com.app.server.service.CommunicationTypeTestCase" tests="5" skipped="0" failures="0" errors="0" timestamp="2015-12-21T07:35:39" hostname="e39261aec3e6" time="0.105">
  <properties/>
  <testcase name="test1Save" classname="com.app.server.service.CommunicationTypeTestCase" time="0.073"/>
  <testcase name="test2Update" classname="com.app.server.service.CommunicationTypeTestCase" time="0.009"/>
  <testcase name="test3FindById" classname="com.app.server.service.CommunicationTypeTestCase" time="0.004"/>
  <testcase name="test3findBycommGroupId" classname="com.app.server.service.CommunicationTypeTestCase" time="0.004"/>
  <testcase name="test4Delete" classname="com.app.server.service.CommunicationTypeTestCase" time="0.014"/>
  <system-out><![CDATA[In around repository aspect
[EL Fine]: sql: 2015-12-21 07:35:39.904--ClientSession(254147373)--Connection(248153341)--Thread(Thread[Test worker,5,main])--INSERT INTO ast_CommunicationGroup_M (commGroupId, commGroupDescription, commGroupName, versionId, createdBy, createdDate, updatedBy, updatedDate, activeStatus, txnAccessCode) VALUES (?, ?, ?, ?, ?, ?, ?, ?, ?, ?)
	bind => [8A38B45F-3C20-48C4-A64A-049C33059D50, neXnC3Mjt8MjYBSR8zDLs5LS2eMdJY5Zv0RpItHmdv0qZc7k4i, CTkHLsD8EzxI1mhwTt0W9Rhu7pP2k95M8s6onTgxMV7zWG7wmN, 1, AAAAA, 2015-12-21 13:05:39.882, null, 2015-12-21 13:05:39.882, 1, null]
Setting logged in user info for ADD
In around repository aspect
[EL Fine]: sql: 2015-12-21 07:35:39.934--ClientSession(1056157135)--Connection(248153341)--Thread(Thread[Test worker,5,main])--INSERT INTO ast_CommunicationType_M (commType, commGroupId, commTypeDescription, commTypeName, versionId, createdBy, createdDate, updatedBy, updatedDate, activeStatus, txnAccessCode) VALUES (?, ?, ?, ?, ?, ?, ?, ?, ?, ?, ?)
	bind => [663362D8-B7FA-4B06-9132-47A56BD1E846, 8A38B45F-3C20-48C4-A64A-049C33059D50, vwfHCnHFL3J7ab2UyRR8vsnT51kJFT97HcfyVAAA5pMxWJ1nMe, 9yqnOofcrmkS5VU99vCbTkTYzw5QVzn9tQsD8kutV2rZL3s2dZ, 1, AAAAA, 2015-12-21 13:05:39.908, null, 2015-12-21 13:05:39.908, 1, null]
In around repository aspect
[EL Fine]: sql: 2015-12-21 07:35:39.942--ClientSession(630204797)--Connection(248153341)--Thread(Thread[Test worker,5,main])--SELECT commType, commGroupId, commTypeDescription, commTypeName, versionId, createdBy, createdDate, updatedBy, updatedDate, activeStatus, txnAccessCode FROM ast_CommunicationType_M WHERE ((activeStatus = ?) AND (commType = ?))
	bind => [1, 663362D8-B7FA-4B06-9132-47A56BD1E846]
Setting logged in user info for UPDATE
In around repository aspect
[EL Fine]: sql: 2015-12-21 07:35:39.944--ClientSession(1847959273)--Connection(248153341)--Thread(Thread[Test worker,5,main])--SELECT commType, commGroupId, commTypeDescription, commTypeName, versionId, createdBy, createdDate, updatedBy, updatedDate, activeStatus, txnAccessCode FROM ast_CommunicationType_M WHERE (commType = ?)
	bind => [663362D8-B7FA-4B06-9132-47A56BD1E846]
[EL Fine]: sql: 2015-12-21 07:35:39.945--ClientSession(1847959273)--Connection(248153341)--Thread(Thread[Test worker,5,main])--UPDATE ast_CommunicationType_M SET commTypeDescription = ?, commTypeName = ?, updatedBy = ?, versionId = ? WHERE ((commType = ?) AND (versionId = ?))
	bind => [LTmZAVsOEklG8j8qod8NsUsaSFcLj1cxF7aNpGLu9ZEV3cFzAd, ADS1YDH9jeEUnODqykcfI1dvP4iS2L3o5VWB3LI7uwCLSblMNr, AAAAA, 2, 663362D8-B7FA-4B06-9132-47A56BD1E846, 1]
In around repository aspect
[EL Fine]: sql: 2015-12-21 07:35:39.951--ClientSession(484982291)--Connection(248153341)--Thread(Thread[Test worker,5,main])--SELECT commType, commGroupId, commTypeDescription, commTypeName, versionId, createdBy, createdDate, updatedBy, updatedDate, activeStatus, txnAccessCode FROM ast_CommunicationType_M WHERE ((activeStatus = ?) AND (commType = ?))
	bind => [1, 663362D8-B7FA-4B06-9132-47A56BD1E846]
In around repository aspect
[EL Fine]: sql: 2015-12-21 07:35:39.956--ClientSession(1284611392)--Connection(248153341)--Thread(Thread[Test worker,5,main])--SELECT commType, commGroupId, commTypeDescription, commTypeName, versionId, createdBy, createdDate, updatedBy, updatedDate, activeStatus, txnAccessCode FROM ast_CommunicationType_M WHERE ((activeStatus = ?) AND (commGroupId = ?))
	bind => [1, 8A38B45F-3C20-48C4-A64A-049C33059D50]
In around repository aspect
[EL Fine]: sql: 2015-12-21 07:35:39.96--ClientSession(2089861661)--Connection(248153341)--Thread(Thread[Test worker,5,main])--SELECT commType, commGroupId, commTypeDescription, commTypeName, versionId, createdBy, createdDate, updatedBy, updatedDate, activeStatus, txnAccessCode FROM ast_CommunicationType_M WHERE (commType = ?)
	bind => [663362D8-B7FA-4B06-9132-47A56BD1E846]
[EL Fine]: sql: 2015-12-21 07:35:39.961--ClientSession(2089861661)--Connection(248153341)--Thread(Thread[Test worker,5,main])--DELETE FROM ast_CommunicationType_M WHERE ((commType = ?) AND (versionId = ?))
	bind => [663362D8-B7FA-4B06-9132-47A56BD1E846, 2]
In around repository aspect
[EL Fine]: sql: 2015-12-21 07:35:39.968--ClientSession(476560701)--Connection(248153341)--Thread(Thread[Test worker,5,main])--SELECT commGroupId, commGroupDescription, commGroupName, versionId, createdBy, createdDate, updatedBy, updatedDate, activeStatus, txnAccessCode FROM ast_CommunicationGroup_M WHERE (commGroupId = ?)
	bind => [8A38B45F-3C20-48C4-A64A-049C33059D50]
[EL Fine]: sql: 2015-12-21 07:35:39.969--ClientSession(476560701)--Connection(248153341)--Thread(Thread[Test worker,5,main])--DELETE FROM ast_CommunicationGroup_M WHERE ((commGroupId = ?) AND (versionId = ?))
	bind => [8A38B45F-3C20-48C4-A64A-049C33059D50, 1]
]]></system-out>
  <system-err><![CDATA[]]></system-err>
</testsuite>
