<?xml version="1.0" encoding="UTF-8"?>
<testsuite name="com.app.server.service.ContactTypeTestCase" tests="4" skipped="0" failures="0" errors="0" timestamp="2015-12-21T07:35:40" hostname="e39261aec3e6" time="0.057">
  <properties/>
  <testcase name="test1Save" classname="com.app.server.service.ContactTypeTestCase" time="0.036"/>
  <testcase name="test2Update" classname="com.app.server.service.ContactTypeTestCase" time="0.01"/>
  <testcase name="test3FindById" classname="com.app.server.service.ContactTypeTestCase" time="0.004"/>
  <testcase name="test4Delete" classname="com.app.server.service.ContactTypeTestCase" time="0.007"/>
  <system-out><![CDATA[Setting logged in user info for ADD
In around repository aspect
[EL Fine]: sql: 2015-12-21 07:35:40.878--ClientSession(413696568)--Connection(248153341)--Thread(Thread[Test worker,5,main])--INSERT INTO ast_ContactType_M (contactTypeId, contactType, contactTypeDesc, contactTypeIcon, versionId, createdBy, createdDate, updatedBy, updatedDate, activeStatus, txnAccessCode) VALUES (?, ?, ?, ?, ?, ?, ?, ?, ?, ?, ?)
	bind => [939FB0CD-B0AD-4CD8-905E-24C6685D04C0, mUj6067x2GCIiQLFIXyOV8C6rPorT2KsJaVRdsk8nQP0nG99ii, LrAbEHvZenTFRupHGqxr0KAFEOx2A2TXNtffpuFhwougyh2xti, ZUjINiIVAVayZnvo5HvOY3vC8qvSGhPRBQaOOFYyl7GdpIBI55, 1, AAAAA, 2015-12-21 13:05:40.853, null, 2015-12-21 13:05:40.853, 1, null]
In around repository aspect
[EL Fine]: sql: 2015-12-21 07:35:40.884--ClientSession(462517761)--Connection(248153341)--Thread(Thread[Test worker,5,main])--SELECT contactTypeId, contactType, contactTypeDesc, contactTypeIcon, versionId, createdBy, createdDate, updatedBy, updatedDate, activeStatus, txnAccessCode FROM ast_ContactType_M WHERE ((activeStatus = ?) AND (contactTypeId = ?))
	bind => [1, 939FB0CD-B0AD-4CD8-905E-24C6685D04C0]
Setting logged in user info for UPDATE
In around repository aspect
[EL Fine]: sql: 2015-12-21 07:35:40.887--ClientSession(1589552222)--Connection(248153341)--Thread(Thread[Test worker,5,main])--SELECT contactTypeId, contactType, contactTypeDesc, contactTypeIcon, versionId, createdBy, createdDate, updatedBy, updatedDate, activeStatus, txnAccessCode FROM ast_ContactType_M WHERE (contactTypeId = ?)
	bind => [939FB0CD-B0AD-4CD8-905E-24C6685D04C0]
[EL Fine]: sql: 2015-12-21 07:35:40.888--ClientSession(1589552222)--Connection(248153341)--Thread(Thread[Test worker,5,main])--UPDATE ast_ContactType_M SET contactType = ?, contactTypeDesc = ?, contactTypeIcon = ?, updatedBy = ?, versionId = ? WHERE ((contactTypeId = ?) AND (versionId = ?))
	bind => [wLj3PLwHJXfDLenWjMt0XpPEIA1ny4VsiyVp96zz7wckK6gcQz, 6HyybXASbBetVAzdWtGiCNqIaqEV0YSpiy98ZeEz9mjp8OSQOP, HwEKnBKIeJHHvqqHhN97IVBHHHIL7FNR095Dikk4nVDrCtsQxK, AAAAA, 2, 939FB0CD-B0AD-4CD8-905E-24C6685D04C0, 1]
In around repository aspect
[EL Fine]: sql: 2015-12-21 07:35:40.894--ClientSession(1303563727)--Connection(248153341)--Thread(Thread[Test worker,5,main])--SELECT contactTypeId, contactType, contactTypeDesc, contactTypeIcon, versionId, createdBy, createdDate, updatedBy, updatedDate, activeStatus, txnAccessCode FROM ast_ContactType_M WHERE ((activeStatus = ?) AND (contactTypeId = ?))
	bind => [1, 939FB0CD-B0AD-4CD8-905E-24C6685D04C0]
In around repository aspect
[EL Fine]: sql: 2015-12-21 07:35:40.898--ClientSession(1258597583)--Connection(248153341)--Thread(Thread[Test worker,5,main])--SELECT contactTypeId, contactType, contactTypeDesc, contactTypeIcon, versionId, createdBy, createdDate, updatedBy, updatedDate, activeStatus, txnAccessCode FROM ast_ContactType_M WHERE (contactTypeId = ?)
	bind => [939FB0CD-B0AD-4CD8-905E-24C6685D04C0]
[EL Fine]: sql: 2015-12-21 07:35:40.899--ClientSession(1258597583)--Connection(248153341)--Thread(Thread[Test worker,5,main])--DELETE FROM ast_ContactType_M WHERE ((contactTypeId = ?) AND (versionId = ?))
	bind => [939FB0CD-B0AD-4CD8-905E-24C6685D04C0, 2]
]]></system-out>
  <system-err><![CDATA[]]></system-err>
</testsuite>
