<?xml version="1.0" encoding="UTF-8"?>
<testsuite name="com.app.server.service.UserAccessLevelTestCase" tests="4" skipped="0" failures="0" errors="0" timestamp="2015-12-21T07:35:38" hostname="e39261aec3e6" time="0.069">
  <properties/>
  <testcase name="test1Save" classname="com.app.server.service.UserAccessLevelTestCase" time="0.045"/>
  <testcase name="test2Update" classname="com.app.server.service.UserAccessLevelTestCase" time="0.011"/>
  <testcase name="test3FindById" classname="com.app.server.service.UserAccessLevelTestCase" time="0.004"/>
  <testcase name="test4Delete" classname="com.app.server.service.UserAccessLevelTestCase" time="0.009"/>
  <system-out><![CDATA[Setting logged in user info for ADD
In around repository aspect
[EL Fine]: sql: 2015-12-21 07:35:38.659--ClientSession(1480843301)--Connection(248153341)--Thread(Thread[Test worker,5,main])--INSERT INTO ast_UserAccessLevel_M (userAccessLevelId, levelDescription, levelHelp, levelIcon, levelName, userAccessLevel, versionId, createdBy, createdDate, updatedBy, updatedDate, activeStatus, txnAccessCode) VALUES (?, ?, ?, ?, ?, ?, ?, ?, ?, ?, ?, ?, ?)
	bind => [3CE4AD45-46AA-4247-BAC8-CFE2865BAE32, OFBQgzmAWVPFN96qiCMXVGXTvKXugMmuuKHFcTvJVsPmDoRkki, QT36GiygfDdDGlkE20qIq5JaS9ZLZX594i5QsbhRRYzyqYAPAH, tIjOOWn2bH5apdOLbUqYKzg6Hpg3JgU56seeOtqOSwMGrHVwE8, W5Qor3aBZXHItVwDirbY822Sw71NZ4Yi8qDyWmVyFcVz0P6g2N, 36806, 1, AAAAA, 2015-12-21 13:05:38.629, null, 2015-12-21 13:05:38.629, 1, null]
In around repository aspect
[EL Fine]: sql: 2015-12-21 07:35:38.666--ClientSession(1032141300)--Connection(248153341)--Thread(Thread[Test worker,5,main])--SELECT userAccessLevelId, levelDescription, levelHelp, levelIcon, levelName, userAccessLevel, versionId, createdBy, createdDate, updatedBy, updatedDate, activeStatus, txnAccessCode FROM ast_UserAccessLevel_M WHERE ((activeStatus = ?) AND (userAccessLevelId = ?))
	bind => [1, 3CE4AD45-46AA-4247-BAC8-CFE2865BAE32]
Setting logged in user info for UPDATE
In around repository aspect
[EL Fine]: sql: 2015-12-21 07:35:38.668--ClientSession(1062965333)--Connection(248153341)--Thread(Thread[Test worker,5,main])--SELECT userAccessLevelId, levelDescription, levelHelp, levelIcon, levelName, userAccessLevel, versionId, createdBy, createdDate, updatedBy, updatedDate, activeStatus, txnAccessCode FROM ast_UserAccessLevel_M WHERE (userAccessLevelId = ?)
	bind => [3CE4AD45-46AA-4247-BAC8-CFE2865BAE32]
[EL Fine]: sql: 2015-12-21 07:35:38.67--ClientSession(1062965333)--Connection(248153341)--Thread(Thread[Test worker,5,main])--UPDATE ast_UserAccessLevel_M SET levelDescription = ?, levelHelp = ?, levelIcon = ?, levelName = ?, userAccessLevel = ?, updatedBy = ?, versionId = ? WHERE ((userAccessLevelId = ?) AND (versionId = ?))
	bind => [rrIhcbqjnZGeWg7Kzkrk5092oqvMnKqAEz4HmRG0nStFZYcVEX, ZZXLQ9c0qvDn7Q2mWedCgQ3rThWbL3uxv0H0bMEkQrrIxwx8zV, 4QHe44szQfOXziTcIj7RzlMp3B0vB9MpMatrSKRu6mX7yyOXMe, h2N8ZFSCp7mf5Rk0dreMRsZ6bQrwrK2LfOOYR1qQCsG3gEVAIi, 58084, AAAAA, 2, 3CE4AD45-46AA-4247-BAC8-CFE2865BAE32, 1]
In around repository aspect
[EL Fine]: sql: 2015-12-21 07:35:38.676--ClientSession(1894270752)--Connection(248153341)--Thread(Thread[Test worker,5,main])--SELECT userAccessLevelId, levelDescription, levelHelp, levelIcon, levelName, userAccessLevel, versionId, createdBy, createdDate, updatedBy, updatedDate, activeStatus, txnAccessCode FROM ast_UserAccessLevel_M WHERE ((activeStatus = ?) AND (userAccessLevelId = ?))
	bind => [1, 3CE4AD45-46AA-4247-BAC8-CFE2865BAE32]
In around repository aspect
[EL Fine]: sql: 2015-12-21 07:35:38.68--ClientSession(142186887)--Connection(248153341)--Thread(Thread[Test worker,5,main])--SELECT userAccessLevelId, levelDescription, levelHelp, levelIcon, levelName, userAccessLevel, versionId, createdBy, createdDate, updatedBy, updatedDate, activeStatus, txnAccessCode FROM ast_UserAccessLevel_M WHERE (userAccessLevelId = ?)
	bind => [3CE4AD45-46AA-4247-BAC8-CFE2865BAE32]
[EL Fine]: sql: 2015-12-21 07:35:38.681--ClientSession(142186887)--Connection(248153341)--Thread(Thread[Test worker,5,main])--DELETE FROM ast_UserAccessLevel_M WHERE ((userAccessLevelId = ?) AND (versionId = ?))
	bind => [3CE4AD45-46AA-4247-BAC8-CFE2865BAE32, 2]
]]></system-out>
  <system-err><![CDATA[]]></system-err>
</testsuite>
