<?xml version="1.0" encoding="UTF-8"?>
<testsuite name="com.app.server.service.AppCustomerTypeTestCase" tests="4" skipped="0" failures="0" errors="0" timestamp="2015-12-21T07:35:38" hostname="e39261aec3e6" time="0.062">
  <properties/>
  <testcase name="test1Save" classname="com.app.server.service.AppCustomerTypeTestCase" time="0.04"/>
  <testcase name="test2Update" classname="com.app.server.service.AppCustomerTypeTestCase" time="0.011"/>
  <testcase name="test3FindById" classname="com.app.server.service.AppCustomerTypeTestCase" time="0.004"/>
  <testcase name="test4Delete" classname="com.app.server.service.AppCustomerTypeTestCase" time="0.007"/>
  <system-out><![CDATA[Setting logged in user info for ADD
In around repository aspect
[EL Fine]: sql: 2015-12-21 07:35:38.725--ClientSession(1054267697)--Connection(248153341)--Thread(Thread[Test worker,5,main])--INSERT INTO ast_AppCustomerType_M (appcustTypeId, customerType, defaults, sequenceId, versionId, createdBy, createdDate, updatedBy, updatedDate, activeStatus, txnAccessCode) VALUES (?, ?, ?, ?, ?, ?, ?, ?, ?, ?, ?)
	bind => [6DF1B412-EBD7-441A-8A61-2730AE44233D, atosvyQGoKnMn3okjNTKDrQXkpODE3rdwu9oJzZd9lRvsj8ULD, 1, 2147483647, 1, AAAAA, 2015-12-21 13:05:38.697, null, 2015-12-21 13:05:38.697, 1, null]
In around repository aspect
[EL Fine]: sql: 2015-12-21 07:35:38.732--ClientSession(102872110)--Connection(248153341)--Thread(Thread[Test worker,5,main])--SELECT appcustTypeId, customerType, defaults, sequenceId, versionId, createdBy, createdDate, updatedBy, updatedDate, activeStatus, txnAccessCode FROM ast_AppCustomerType_M WHERE ((activeStatus = ?) AND (appcustTypeId = ?))
	bind => [1, 6DF1B412-EBD7-441A-8A61-2730AE44233D]
Setting logged in user info for UPDATE
In around repository aspect
[EL Fine]: sql: 2015-12-21 07:35:38.734--ClientSession(431816553)--Connection(248153341)--Thread(Thread[Test worker,5,main])--SELECT appcustTypeId, customerType, defaults, sequenceId, versionId, createdBy, createdDate, updatedBy, updatedDate, activeStatus, txnAccessCode FROM ast_AppCustomerType_M WHERE (appcustTypeId = ?)
	bind => [6DF1B412-EBD7-441A-8A61-2730AE44233D]
[EL Fine]: sql: 2015-12-21 07:35:38.735--ClientSession(431816553)--Connection(248153341)--Thread(Thread[Test worker,5,main])--UPDATE ast_AppCustomerType_M SET customerType = ?, defaults = ?, updatedBy = ?, versionId = ? WHERE ((appcustTypeId = ?) AND (versionId = ?))
	bind => [5BWsbqVlgVlqJLNVFhR6NXA3oyHH0YRiKcHSC5tdlwUEgV5BAn, 0, AAAAA, 2, 6DF1B412-EBD7-441A-8A61-2730AE44233D, 1]
In around repository aspect
[EL Fine]: sql: 2015-12-21 07:35:38.742--ClientSession(1450046592)--Connection(248153341)--Thread(Thread[Test worker,5,main])--SELECT appcustTypeId, customerType, defaults, sequenceId, versionId, createdBy, createdDate, updatedBy, updatedDate, activeStatus, txnAccessCode FROM ast_AppCustomerType_M WHERE ((activeStatus = ?) AND (appcustTypeId = ?))
	bind => [1, 6DF1B412-EBD7-441A-8A61-2730AE44233D]
In around repository aspect
[EL Fine]: sql: 2015-12-21 07:35:38.746--ClientSession(430218468)--Connection(248153341)--Thread(Thread[Test worker,5,main])--SELECT appcustTypeId, customerType, defaults, sequenceId, versionId, createdBy, createdDate, updatedBy, updatedDate, activeStatus, txnAccessCode FROM ast_AppCustomerType_M WHERE (appcustTypeId = ?)
	bind => [6DF1B412-EBD7-441A-8A61-2730AE44233D]
[EL Fine]: sql: 2015-12-21 07:35:38.747--ClientSession(430218468)--Connection(248153341)--Thread(Thread[Test worker,5,main])--DELETE FROM ast_AppCustomerType_M WHERE ((appcustTypeId = ?) AND (versionId = ?))
	bind => [6DF1B412-EBD7-441A-8A61-2730AE44233D, 2]
]]></system-out>
  <system-err><![CDATA[]]></system-err>
</testsuite>
