<?xml version="1.0" encoding="UTF-8"?>
<testsuite name="com.app.server.service.UserAccessDomainTestCase" tests="4" skipped="0" failures="0" errors="0" timestamp="2015-12-21T07:35:40" hostname="e39261aec3e6" time="0.037">
  <properties/>
  <testcase name="test1Save" classname="com.app.server.service.UserAccessDomainTestCase" time="0.017"/>
  <testcase name="test2Update" classname="com.app.server.service.UserAccessDomainTestCase" time="0.009"/>
  <testcase name="test3FindById" classname="com.app.server.service.UserAccessDomainTestCase" time="0.004"/>
  <testcase name="test4Delete" classname="com.app.server.service.UserAccessDomainTestCase" time="0.006"/>
  <system-out><![CDATA[Setting logged in user info for ADD
In around repository aspect
[EL Fine]: sql: 2015-12-21 07:35:40.44--ClientSession(946316475)--Connection(248153341)--Thread(Thread[Test worker,5,main])--INSERT INTO ast_UserAccessDomain_M (userAccessDomainId, domainDescription, domainHelp, domainIcon, domainName, userAccessDomain, versionId, createdBy, createdDate, updatedBy, updatedDate, activeStatus, txnAccessCode) VALUES (?, ?, ?, ?, ?, ?, ?, ?, ?, ?, ?, ?, ?)
	bind => [25FC8DA6-9857-4CD7-B1B5-27CF2EA65801, vRmSARFcPr8Aqsxpdz40UNSL3JiAqRxyfw3DmAZv6FFY7o5Kb4, 9JF8qDKuGAP4Vjz0QvShR9uMlvAprZuI2vCsgSlj33XVd6RR5X, HSgqG57LugHYSIeXVlgnjF7vAHbX5aQGdDhPK0nIy7bJj16bUl, 2XARohT69ejebOh84VrxOfB80MwpUVavl919hE2HfmYyQEV4jw, 47380, 1, AAAAA, 2015-12-21 13:05:40.434, null, 2015-12-21 13:05:40.434, 1, null]
In around repository aspect
[EL Fine]: sql: 2015-12-21 07:35:40.446--ClientSession(943232035)--Connection(248153341)--Thread(Thread[Test worker,5,main])--SELECT userAccessDomainId, domainDescription, domainHelp, domainIcon, domainName, userAccessDomain, versionId, createdBy, createdDate, updatedBy, updatedDate, activeStatus, txnAccessCode FROM ast_UserAccessDomain_M WHERE ((activeStatus = ?) AND (userAccessDomainId = ?))
	bind => [1, 25FC8DA6-9857-4CD7-B1B5-27CF2EA65801]
Setting logged in user info for UPDATE
In around repository aspect
[EL Fine]: sql: 2015-12-21 07:35:40.448--ClientSession(726515361)--Connection(248153341)--Thread(Thread[Test worker,5,main])--SELECT userAccessDomainId, domainDescription, domainHelp, domainIcon, domainName, userAccessDomain, versionId, createdBy, createdDate, updatedBy, updatedDate, activeStatus, txnAccessCode FROM ast_UserAccessDomain_M WHERE (userAccessDomainId = ?)
	bind => [25FC8DA6-9857-4CD7-B1B5-27CF2EA65801]
[EL Fine]: sql: 2015-12-21 07:35:40.45--ClientSession(726515361)--Connection(248153341)--Thread(Thread[Test worker,5,main])--UPDATE ast_UserAccessDomain_M SET domainDescription = ?, domainHelp = ?, domainIcon = ?, domainName = ?, userAccessDomain = ?, updatedBy = ?, versionId = ? WHERE ((userAccessDomainId = ?) AND (versionId = ?))
	bind => [GhFfU1c2JXX4MrjzUCVW2eB5ody5sX0k7s4nWvbwPIxBoXq3jT, 4UjivU67sy0z6J5VJ885u4EV1hQz2lAYat6KL1IHFJIsq5BQBU, 5fBpZTkNbfbedmNhbWpubIBpZoMJJUbbM16CAQINunvAulFZ7q, 4Pp3ICGQKHRYrgh93Q7pzSa7hd5uU8N3rA0LCZayCYuAAlrlAv, 82709, AAAAA, 2, 25FC8DA6-9857-4CD7-B1B5-27CF2EA65801, 1]
In around repository aspect
[EL Fine]: sql: 2015-12-21 07:35:40.455--ClientSession(392271014)--Connection(248153341)--Thread(Thread[Test worker,5,main])--SELECT userAccessDomainId, domainDescription, domainHelp, domainIcon, domainName, userAccessDomain, versionId, createdBy, createdDate, updatedBy, updatedDate, activeStatus, txnAccessCode FROM ast_UserAccessDomain_M WHERE ((activeStatus = ?) AND (userAccessDomainId = ?))
	bind => [1, 25FC8DA6-9857-4CD7-B1B5-27CF2EA65801]
In around repository aspect
[EL Fine]: sql: 2015-12-21 07:35:40.459--ClientSession(1972160042)--Connection(248153341)--Thread(Thread[Test worker,5,main])--SELECT userAccessDomainId, domainDescription, domainHelp, domainIcon, domainName, userAccessDomain, versionId, createdBy, createdDate, updatedBy, updatedDate, activeStatus, txnAccessCode FROM ast_UserAccessDomain_M WHERE (userAccessDomainId = ?)
	bind => [25FC8DA6-9857-4CD7-B1B5-27CF2EA65801]
[EL Fine]: sql: 2015-12-21 07:35:40.46--ClientSession(1972160042)--Connection(248153341)--Thread(Thread[Test worker,5,main])--DELETE FROM ast_UserAccessDomain_M WHERE ((userAccessDomainId = ?) AND (versionId = ?))
	bind => [25FC8DA6-9857-4CD7-B1B5-27CF2EA65801, 2]
]]></system-out>
  <system-err><![CDATA[]]></system-err>
</testsuite>
