<?xml version="1.0" encoding="UTF-8"?>
<testsuite name="com.app.server.service.AddressTypeTestCase" tests="4" skipped="0" failures="0" errors="0" timestamp="2015-12-21T07:19:00" hostname="3b44d96da3d9" time="0.074">
  <properties/>
  <testcase name="test1Save" classname="com.app.server.service.AddressTypeTestCase" time="0.047"/>
  <testcase name="test2Update" classname="com.app.server.service.AddressTypeTestCase" time="0.012"/>
  <testcase name="test3FindById" classname="com.app.server.service.AddressTypeTestCase" time="0.005"/>
  <testcase name="test4Delete" classname="com.app.server.service.AddressTypeTestCase" time="0.01"/>
  <system-out><![CDATA[Setting logged in user info for ADD
In around repository aspect
[EL Fine]: sql: 2015-12-21 07:19:00.772--ClientSession(405340259)--Connection(668592396)--Thread(Thread[Test worker,5,main])--INSERT INTO ast_AddressType_M (addressTypeId, addressType, addressTypeDesc, addressTypeIcon, versionId, createdBy, createdDate, updatedBy, updatedDate, activeStatus, txnAccessCode) VALUES (?, ?, ?, ?, ?, ?, ?, ?, ?, ?, ?)
	bind => [04A0D005-F5D2-4635-80A4-1697E89BE43B, zglhEWERpWTwiQyGLdApeHU2XTdoOOF4tCi8IZJ89uja6Antn8, HSiRWOvrTAjLhc3X3AC00AoBetvcXy5PcqA0T4t7gBDwXDUiZR, naDiZnkl8deC4itx8B23GL2Xod4hkq0Ux6GAmvl2heKdtBaJuw, 1, AAAAA, 2015-12-21 12:49:00.74, null, 2015-12-21 12:49:00.74, 1, null]
In around repository aspect
[EL Fine]: sql: 2015-12-21 07:19:00.78--ClientSession(1863829205)--Connection(668592396)--Thread(Thread[Test worker,5,main])--SELECT addressTypeId, addressType, addressTypeDesc, addressTypeIcon, versionId, createdBy, createdDate, updatedBy, updatedDate, activeStatus, txnAccessCode FROM ast_AddressType_M WHERE ((activeStatus = ?) AND (addressTypeId = ?))
	bind => [1, 04A0D005-F5D2-4635-80A4-1697E89BE43B]
Setting logged in user info for UPDATE
In around repository aspect
[EL Fine]: sql: 2015-12-21 07:19:00.783--ClientSession(1595661003)--Connection(668592396)--Thread(Thread[Test worker,5,main])--SELECT addressTypeId, addressType, addressTypeDesc, addressTypeIcon, versionId, createdBy, createdDate, updatedBy, updatedDate, activeStatus, txnAccessCode FROM ast_AddressType_M WHERE (addressTypeId = ?)
	bind => [04A0D005-F5D2-4635-80A4-1697E89BE43B]
[EL Fine]: sql: 2015-12-21 07:19:00.784--ClientSession(1595661003)--Connection(668592396)--Thread(Thread[Test worker,5,main])--UPDATE ast_AddressType_M SET addressType = ?, addressTypeDesc = ?, addressTypeIcon = ?, updatedBy = ?, versionId = ? WHERE ((addressTypeId = ?) AND (versionId = ?))
	bind => [MSU1IIAN5mEyn7R979USBHBCzMbBPVNW2xdazNyIt5WC3Ym34M, f4JeEyJoDMUAPmUJr2OT2Mp03bQAc9F7AMDHk0WZMLTOPb3Hqj, yNhByTp56m41oFNn7dHXtg3qMVi0rPDba35jyEdizxetblrx0O, AAAAA, 2, 04A0D005-F5D2-4635-80A4-1697E89BE43B, 1]
In around repository aspect
[EL Fine]: sql: 2015-12-21 07:19:00.792--ClientSession(1824187073)--Connection(668592396)--Thread(Thread[Test worker,5,main])--SELECT addressTypeId, addressType, addressTypeDesc, addressTypeIcon, versionId, createdBy, createdDate, updatedBy, updatedDate, activeStatus, txnAccessCode FROM ast_AddressType_M WHERE ((activeStatus = ?) AND (addressTypeId = ?))
	bind => [1, 04A0D005-F5D2-4635-80A4-1697E89BE43B]
In around repository aspect
[EL Fine]: sql: 2015-12-21 07:19:00.797--ClientSession(1050437342)--Connection(668592396)--Thread(Thread[Test worker,5,main])--SELECT addressTypeId, addressType, addressTypeDesc, addressTypeIcon, versionId, createdBy, createdDate, updatedBy, updatedDate, activeStatus, txnAccessCode FROM ast_AddressType_M WHERE (addressTypeId = ?)
	bind => [04A0D005-F5D2-4635-80A4-1697E89BE43B]
[EL Fine]: sql: 2015-12-21 07:19:00.798--ClientSession(1050437342)--Connection(668592396)--Thread(Thread[Test worker,5,main])--DELETE FROM ast_AddressType_M WHERE ((addressTypeId = ?) AND (versionId = ?))
	bind => [04A0D005-F5D2-4635-80A4-1697E89BE43B, 2]
]]></system-out>
  <system-err><![CDATA[]]></system-err>
</testsuite>
