<?xml version="1.0" encoding="UTF-8"?>
<testsuite name="com.app.server.service.PasswordAlgoTestCase" tests="4" skipped="0" failures="0" errors="0" timestamp="2015-12-21T07:35:40" hostname="e39261aec3e6" time="0.058">
  <properties/>
  <testcase name="test1Save" classname="com.app.server.service.PasswordAlgoTestCase" time="0.038"/>
  <testcase name="test2Update" classname="com.app.server.service.PasswordAlgoTestCase" time="0.009"/>
  <testcase name="test3FindById" classname="com.app.server.service.PasswordAlgoTestCase" time="0.004"/>
  <testcase name="test4Delete" classname="com.app.server.service.PasswordAlgoTestCase" time="0.006"/>
  <system-out><![CDATA[Setting logged in user info for ADD
In around repository aspect
[EL Fine]: sql: 2015-12-21 07:35:40.499--ClientSession(425438956)--Connection(248153341)--Thread(Thread[Test worker,5,main])--INSERT INTO ast_PasswordAlgo_M (algoId, algoDescription, algoHelp, algoIcon, algoName, algorithm, versionId, createdBy, createdDate, updatedBy, updatedDate, activeStatus, txnAccessCode) VALUES (?, ?, ?, ?, ?, ?, ?, ?, ?, ?, ?, ?, ?)
	bind => [16D95054-FC19-4DE6-BA6A-18641BABF2C9, c8NGoBQx0oTtUQPWz7WDkupG5sxcMmZcLqkXa6B0wXWGiFiln8, Apd5uzQo2650aZ62QtmLk6PVgG6GkR8tHzzz1N8rJYaiNQiRtn, BOEJyivAggXTJkDC6EIcWbRj8hC7JTzabTLa5Ee2KwkdJFkCUS, qhuHEYphLprqAVssXxeAck1Rbx2p2xckAMZxRMhJZ8w5yC8iLT, 6, 1, AAAAA, 2015-12-21 13:05:40.473, null, 2015-12-21 13:05:40.473, 1, null]
In around repository aspect
[EL Fine]: sql: 2015-12-21 07:35:40.506--ClientSession(654476048)--Connection(248153341)--Thread(Thread[Test worker,5,main])--SELECT algoId, algoDescription, algoHelp, algoIcon, algoName, algorithm, versionId, createdBy, createdDate, updatedBy, updatedDate, activeStatus, txnAccessCode FROM ast_PasswordAlgo_M WHERE ((activeStatus = ?) AND (algoId = ?))
	bind => [1, 16D95054-FC19-4DE6-BA6A-18641BABF2C9]
Setting logged in user info for UPDATE
In around repository aspect
[EL Fine]: sql: 2015-12-21 07:35:40.508--ClientSession(1339083103)--Connection(248153341)--Thread(Thread[Test worker,5,main])--SELECT algoId, algoDescription, algoHelp, algoIcon, algoName, algorithm, versionId, createdBy, createdDate, updatedBy, updatedDate, activeStatus, txnAccessCode FROM ast_PasswordAlgo_M WHERE (algoId = ?)
	bind => [16D95054-FC19-4DE6-BA6A-18641BABF2C9]
[EL Fine]: sql: 2015-12-21 07:35:40.51--ClientSession(1339083103)--Connection(248153341)--Thread(Thread[Test worker,5,main])--UPDATE ast_PasswordAlgo_M SET algoDescription = ?, algoHelp = ?, algoIcon = ?, algoName = ?, algorithm = ?, updatedBy = ?, versionId = ? WHERE ((algoId = ?) AND (versionId = ?))
	bind => [QMBE6XeVcknzJQFk6DM73Xny2gBMNU7PMy9MUn0BY6LMQ0OqUc, L6rEEzVA1mX0Ehc18hl6p15kCvKWsFccuQSrRTUl2bR5uBWpOh, HYuZJ8KcZLw4TNX1FnQXJ710QdFMXE37t0MUKSusWAwN5zVUet, 93gSaz0Xqqj1Fu1BCQPeumBKj3mPAbMrBzfi2jtqfBRi7hCrHD, 11, AAAAA, 2, 16D95054-FC19-4DE6-BA6A-18641BABF2C9, 1]
In around repository aspect
[EL Fine]: sql: 2015-12-21 07:35:40.515--ClientSession(755117427)--Connection(248153341)--Thread(Thread[Test worker,5,main])--SELECT algoId, algoDescription, algoHelp, algoIcon, algoName, algorithm, versionId, createdBy, createdDate, updatedBy, updatedDate, activeStatus, txnAccessCode FROM ast_PasswordAlgo_M WHERE ((activeStatus = ?) AND (algoId = ?))
	bind => [1, 16D95054-FC19-4DE6-BA6A-18641BABF2C9]
In around repository aspect
[EL Fine]: sql: 2015-12-21 07:35:40.519--ClientSession(177240226)--Connection(248153341)--Thread(Thread[Test worker,5,main])--SELECT algoId, algoDescription, algoHelp, algoIcon, algoName, algorithm, versionId, createdBy, createdDate, updatedBy, updatedDate, activeStatus, txnAccessCode FROM ast_PasswordAlgo_M WHERE (algoId = ?)
	bind => [16D95054-FC19-4DE6-BA6A-18641BABF2C9]
[EL Fine]: sql: 2015-12-21 07:35:40.521--ClientSession(177240226)--Connection(248153341)--Thread(Thread[Test worker,5,main])--DELETE FROM ast_PasswordAlgo_M WHERE ((algoId = ?) AND (versionId = ?))
	bind => [16D95054-FC19-4DE6-BA6A-18641BABF2C9, 2]
]]></system-out>
  <system-err><![CDATA[]]></system-err>
</testsuite>
