<?xml version="1.0" encoding="UTF-8"?>
<testsuite name="com.app.server.service.CommunicationGroupTestCase" tests="4" skipped="0" failures="0" errors="0" timestamp="2015-12-21T07:35:40" hostname="e39261aec3e6" time="0.036">
  <properties/>
  <testcase name="test1Save" classname="com.app.server.service.CommunicationGroupTestCase" time="0.016"/>
  <testcase name="test2Update" classname="com.app.server.service.CommunicationGroupTestCase" time="0.01"/>
  <testcase name="test3FindById" classname="com.app.server.service.CommunicationGroupTestCase" time="0.004"/>
  <testcase name="test4Delete" classname="com.app.server.service.CommunicationGroupTestCase" time="0.006"/>
  <system-out><![CDATA[Setting logged in user info for ADD
In around repository aspect
[EL Fine]: sql: 2015-12-21 07:35:40.916--ClientSession(1601898568)--Connection(248153341)--Thread(Thread[Test worker,5,main])--INSERT INTO ast_CommunicationGroup_M (commGroupId, commGroupDescription, commGroupName, versionId, createdBy, createdDate, updatedBy, updatedDate, activeStatus, txnAccessCode) VALUES (?, ?, ?, ?, ?, ?, ?, ?, ?, ?)
	bind => [A313EA50-73E2-4170-A26C-FE3893E402D2, ymLeebRzhAHCfK1cT0qmUE8MaD4DURI3vR8raTUVHfn5wMDXb3, 0CgWZ1CjcuX2sCLeOq8RwtO05h9XB8yAscc5YU7jVI0FQWxnBp, 1, AAAAA, 2015-12-21 13:05:40.911, null, 2015-12-21 13:05:40.911, 1, null]
In around repository aspect
[EL Fine]: sql: 2015-12-21 07:35:40.922--ClientSession(1004666761)--Connection(248153341)--Thread(Thread[Test worker,5,main])--SELECT commGroupId, commGroupDescription, commGroupName, versionId, createdBy, createdDate, updatedBy, updatedDate, activeStatus, txnAccessCode FROM ast_CommunicationGroup_M WHERE ((activeStatus = ?) AND (commGroupId = ?))
	bind => [1, A313EA50-73E2-4170-A26C-FE3893E402D2]
Setting logged in user info for UPDATE
In around repository aspect
[EL Fine]: sql: 2015-12-21 07:35:40.924--ClientSession(632608601)--Connection(248153341)--Thread(Thread[Test worker,5,main])--SELECT commGroupId, commGroupDescription, commGroupName, versionId, createdBy, createdDate, updatedBy, updatedDate, activeStatus, txnAccessCode FROM ast_CommunicationGroup_M WHERE (commGroupId = ?)
	bind => [A313EA50-73E2-4170-A26C-FE3893E402D2]
[EL Fine]: sql: 2015-12-21 07:35:40.925--ClientSession(632608601)--Connection(248153341)--Thread(Thread[Test worker,5,main])--UPDATE ast_CommunicationGroup_M SET commGroupDescription = ?, commGroupName = ?, updatedBy = ?, versionId = ? WHERE ((commGroupId = ?) AND (versionId = ?))
	bind => [8EQojqZ8kO4dGRHfk7gaOXyG2hVtvn2SrWZQ0GprVodIDUDU8k, 6HIbqfcnJF1etUgQaPXVfd6kLoEhBmyvr7UgZ54igrOu3rd791, AAAAA, 2, A313EA50-73E2-4170-A26C-FE3893E402D2, 1]
In around repository aspect
[EL Fine]: sql: 2015-12-21 07:35:40.931--ClientSession(1737897243)--Connection(248153341)--Thread(Thread[Test worker,5,main])--SELECT commGroupId, commGroupDescription, commGroupName, versionId, createdBy, createdDate, updatedBy, updatedDate, activeStatus, txnAccessCode FROM ast_CommunicationGroup_M WHERE ((activeStatus = ?) AND (commGroupId = ?))
	bind => [1, A313EA50-73E2-4170-A26C-FE3893E402D2]
In around repository aspect
[EL Fine]: sql: 2015-12-21 07:35:40.936--ClientSession(322450125)--Connection(248153341)--Thread(Thread[Test worker,5,main])--SELECT commGroupId, commGroupDescription, commGroupName, versionId, createdBy, createdDate, updatedBy, updatedDate, activeStatus, txnAccessCode FROM ast_CommunicationGroup_M WHERE (commGroupId = ?)
	bind => [A313EA50-73E2-4170-A26C-FE3893E402D2]
[EL Fine]: sql: 2015-12-21 07:35:40.937--ClientSession(322450125)--Connection(248153341)--Thread(Thread[Test worker,5,main])--DELETE FROM ast_CommunicationGroup_M WHERE ((commGroupId = ?) AND (versionId = ?))
	bind => [A313EA50-73E2-4170-A26C-FE3893E402D2, 2]
]]></system-out>
  <system-err><![CDATA[]]></system-err>
</testsuite>
