<?xml version="1.0" encoding="UTF-8"?>
<testsuite name="com.app.server.service.ProductTestCase" tests="4" skipped="0" failures="0" errors="0" timestamp="2015-12-21T07:35:39" hostname="e39261aec3e6" time="0.061">
  <properties/>
  <testcase name="test1Save" classname="com.app.server.service.ProductTestCase" time="0.039"/>
  <testcase name="test2Update" classname="com.app.server.service.ProductTestCase" time="0.01"/>
  <testcase name="test3FindById" classname="com.app.server.service.ProductTestCase" time="0.004"/>
  <testcase name="test4Delete" classname="com.app.server.service.ProductTestCase" time="0.007"/>
  <system-out><![CDATA[Setting logged in user info for ADD
In around repository aspect
[EL Fine]: sql: 2015-12-21 07:35:39.226--ClientSession(2071945147)--Connection(248153341)--Thread(Thread[Test worker,5,main])--INSERT INTO ast_Product_M (productId, productDesc, productName, productStock, productUnitPrice, versionId, createdBy, createdDate, updatedBy, updatedDate, activeStatus, txnAccessCode) VALUES (?, ?, ?, ?, ?, ?, ?, ?, ?, ?, ?, ?)
	bind => [427D5821-4B07-473C-94FC-A80DD1FED92B, Stgm6JeHALzC6W8NNBqsL8QaPh9Npx08J5s2z0rzIcza4oGg1f, 7kZKybxU6wdSxroShvS5SIN8TnSZQSeFP0kGktuXTlOQIvtd9C, 2147483647, 12.34, 1, AAAAA, 2015-12-21 13:05:39.2, null, 2015-12-21 13:05:39.2, 1, null]
In around repository aspect
[EL Fine]: sql: 2015-12-21 07:35:39.233--ClientSession(1204500470)--Connection(248153341)--Thread(Thread[Test worker,5,main])--SELECT productId, productDesc, productName, productStock, productUnitPrice, versionId, createdBy, createdDate, updatedBy, updatedDate, activeStatus, txnAccessCode FROM ast_Product_M WHERE ((activeStatus = ?) AND (productId = ?))
	bind => [1, 427D5821-4B07-473C-94FC-A80DD1FED92B]
Setting logged in user info for UPDATE
In around repository aspect
[EL Fine]: sql: 2015-12-21 07:35:39.235--ClientSession(1205272734)--Connection(248153341)--Thread(Thread[Test worker,5,main])--SELECT productId, productDesc, productName, productStock, productUnitPrice, versionId, createdBy, createdDate, updatedBy, updatedDate, activeStatus, txnAccessCode FROM ast_Product_M WHERE (productId = ?)
	bind => [427D5821-4B07-473C-94FC-A80DD1FED92B]
[EL Fine]: sql: 2015-12-21 07:35:39.237--ClientSession(1205272734)--Connection(248153341)--Thread(Thread[Test worker,5,main])--UPDATE ast_Product_M SET productDesc = ?, productName = ?, updatedBy = ?, versionId = ? WHERE ((productId = ?) AND (versionId = ?))
	bind => [4qMwIzWyjywbZLABOFCQxUBo2iI0KVHCKlHUzhZEhxpDFc3grM, OG2wiXPyHm4aiVjCDKDo5RQU5eW533ieJJuUPW4ciiRXoByNTl, AAAAA, 2, 427D5821-4B07-473C-94FC-A80DD1FED92B, 1]
In around repository aspect
[EL Fine]: sql: 2015-12-21 07:35:39.243--ClientSession(1382423997)--Connection(248153341)--Thread(Thread[Test worker,5,main])--SELECT productId, productDesc, productName, productStock, productUnitPrice, versionId, createdBy, createdDate, updatedBy, updatedDate, activeStatus, txnAccessCode FROM ast_Product_M WHERE ((activeStatus = ?) AND (productId = ?))
	bind => [1, 427D5821-4B07-473C-94FC-A80DD1FED92B]
In around repository aspect
[EL Fine]: sql: 2015-12-21 07:35:39.247--ClientSession(303106079)--Connection(248153341)--Thread(Thread[Test worker,5,main])--SELECT productId, productDesc, productName, productStock, productUnitPrice, versionId, createdBy, createdDate, updatedBy, updatedDate, activeStatus, txnAccessCode FROM ast_Product_M WHERE (productId = ?)
	bind => [427D5821-4B07-473C-94FC-A80DD1FED92B]
[EL Fine]: sql: 2015-12-21 07:35:39.248--ClientSession(303106079)--Connection(248153341)--Thread(Thread[Test worker,5,main])--DELETE FROM ast_Product_M WHERE ((productId = ?) AND (versionId = ?))
	bind => [427D5821-4B07-473C-94FC-A80DD1FED92B, 2]
]]></system-out>
  <system-err><![CDATA[]]></system-err>
</testsuite>
