<?xml version="1.0" encoding="UTF-8"?>
<testsuite name="com.app.server.service.UserCartTestCase" tests="6" skipped="0" failures="0" errors="0" timestamp="2015-12-21T07:35:40" hostname="e39261aec3e6" time="0.116">
  <properties/>
  <testcase name="test1Save" classname="com.app.server.service.UserCartTestCase" time="0.063"/>
  <testcase name="test2Update" classname="com.app.server.service.UserCartTestCase" time="0.009"/>
  <testcase name="test3FindById" classname="com.app.server.service.UserCartTestCase" time="0.004"/>
  <testcase name="test3findByproductId" classname="com.app.server.service.UserCartTestCase" time="0.005"/>
  <testcase name="test3findByuserId" classname="com.app.server.service.UserCartTestCase" time="0.004"/>
  <testcase name="test4Delete" classname="com.app.server.service.UserCartTestCase" time="0.03"/>
  <system-out><![CDATA[In around repository aspect
[EL Fine]: sql: 2015-12-21 07:35:40.097--ClientSession(669731905)--Connection(248153341)--Thread(Thread[Test worker,5,main])--INSERT INTO ast_Product_M (productId, productDesc, productName, productStock, productUnitPrice, versionId, createdBy, createdDate, updatedBy, updatedDate, activeStatus, txnAccessCode) VALUES (?, ?, ?, ?, ?, ?, ?, ?, ?, ?, ?, ?)
	bind => [D652C3B5-C355-4EAA-A19D-D38B366A1853, IZvLdu0Qvu5EQR0cfv7PEzaTEQqEmIUtfZjEA1PNo3K6ZpKHcx, QOJyaHidr7GbfGNsfIzwHhWvc131DMLxgyJuEdRPQGz479E90m, 2147483647, 12.34, 1, AAAAA, 2015-12-21 13:05:40.095, null, 2015-12-21 13:05:40.095, 1, null]
In around repository aspect
[EL Fine]: sql: 2015-12-21 07:35:40.102--ClientSession(2019938990)--Connection(248153341)--Thread(Thread[Test worker,5,main])--INSERT INTO ast_UserAccessDomain_M (userAccessDomainId, domainDescription, domainHelp, domainIcon, domainName, userAccessDomain, versionId, createdBy, createdDate, updatedBy, updatedDate, activeStatus, txnAccessCode) VALUES (?, ?, ?, ?, ?, ?, ?, ?, ?, ?, ?, ?, ?)
	bind => [716A911D-6561-4D16-AADC-A5659B671C3C, kz7RTszXYexPxlbZk7SEjxf0UTVfAlvPelQdSMdAhu8zyTxtd6, VGJ1YMQUMwL9iPF4dQrfDtPVluc1TtewBXZZLaPneZm4xiRq9U, snmyWFCBWWOH7T07JRw64FBYhSL15k8mYlHz6oTwL9ioZBJBoV, 2aAASVUck5RJ6WdhwMIya135BxrQR0f8TKUAg1G3xwwFyGIeKm, 76336, 1, AAAAA, 2015-12-21 13:05:40.1, null, 2015-12-21 13:05:40.1, 1, null]
In around repository aspect
[EL Fine]: sql: 2015-12-21 07:35:40.107--ClientSession(1967602905)--Connection(248153341)--Thread(Thread[Test worker,5,main])--INSERT INTO ast_UserAccessLevel_M (userAccessLevelId, levelDescription, levelHelp, levelIcon, levelName, userAccessLevel, versionId, createdBy, createdDate, updatedBy, updatedDate, activeStatus, txnAccessCode) VALUES (?, ?, ?, ?, ?, ?, ?, ?, ?, ?, ?, ?, ?)
	bind => [5B8EBD0D-EE3D-446C-A878-D4899D5855E4, dtGjP24pAZ6RUE6g27BwJWHl4p2PL1CvGL7C4B2DP0UAAp0ALo, PyICq1cyIdqMGyMGt8ILTpHNm5kBRiDjWPFrSFUk94LAaVFPFi, yrKkrEEeuUCCEHlr3kABTLuFt8nFXsv8GgQGnpJM6zdWp79L8q, TGZZ3qHvG1T37WowrctA1zQw7kUY2GO2FxXsI5embrWTDDI8BF, 40753, 1, AAAAA, 2015-12-21 13:05:40.105, null, 2015-12-21 13:05:40.105, 1, null]
In around repository aspect
[EL Fine]: sql: 2015-12-21 07:35:40.111--ClientSession(25999307)--Connection(248153341)--Thread(Thread[Test worker,5,main])--INSERT INTO ast_User_T (userId, allowMultipleLogin, changePasswordNextLogin, genTempOneTimePassword, isDeleted, isLocked, lastPasswordChangeDate, multiFactorAuthEnabled, passwordAlgo, passwordExpiryDate, sessionTimeout, userAccessCode, userAccessDomainId, userAccessLevelId, versionId, createdBy, createdDate, updatedBy, updatedDate, activeStatus, txnAccessCode) VALUES (?, ?, ?, ?, ?, ?, ?, ?, ?, ?, ?, ?, ?, ?, ?, ?, ?, ?, ?, ?, ?)
	bind => [ED110643-5719-49BB-B2BC-B36BEAAB8F42, 1, 0, 1, 1, 1, 1970-01-02 15:47:36.789, 1, m6r9yrcCcwduX6ImglmxhCr6hlVwkATA4rl5ip2hwM7AzL9vVA, 1970-01-02 15:47:36.789, 3149, 10, 716A911D-6561-4D16-AADC-A5659B671C3C, 5B8EBD0D-EE3D-446C-A878-D4899D5855E4, 1, AAAAA, 2015-12-21 13:05:40.1, null, 2015-12-21 13:05:40.1, 1, null]
Setting logged in user info for ADD
In around repository aspect
[EL Fine]: sql: 2015-12-21 07:35:40.142--ClientSession(995339501)--Connection(248153341)--Thread(Thread[Test worker,5,main])--INSERT INTO ast_UserCart_M (userCartId, cartTotal, productId, productQty, userId, versionId, createdBy, createdDate, updatedBy, updatedDate, activeStatus, txnAccessCode) VALUES (?, ?, ?, ?, ?, ?, ?, ?, ?, ?, ?, ?)
	bind => [2E14E9CD-7698-4BA0-BEEB-47A941E6BDC7, 12.34, D652C3B5-C355-4EAA-A19D-D38B366A1853, 2147483647, ED110643-5719-49BB-B2BC-B36BEAAB8F42, 1, AAAAA, 2015-12-21 13:05:40.114, null, 2015-12-21 13:05:40.114, 1, null]
In around repository aspect
[EL Fine]: sql: 2015-12-21 07:35:40.149--ClientSession(1765249953)--Connection(248153341)--Thread(Thread[Test worker,5,main])--SELECT userCartId, cartTotal, productId, productQty, userId, versionId, createdBy, createdDate, updatedBy, updatedDate, activeStatus, txnAccessCode FROM ast_UserCart_M WHERE ((activeStatus = ?) AND (userCartId = ?))
	bind => [1, 2E14E9CD-7698-4BA0-BEEB-47A941E6BDC7]
Setting logged in user info for UPDATE
In around repository aspect
[EL Fine]: sql: 2015-12-21 07:35:40.151--ClientSession(1609863855)--Connection(248153341)--Thread(Thread[Test worker,5,main])--SELECT userCartId, cartTotal, productId, productQty, userId, versionId, createdBy, createdDate, updatedBy, updatedDate, activeStatus, txnAccessCode FROM ast_UserCart_M WHERE (userCartId = ?)
	bind => [2E14E9CD-7698-4BA0-BEEB-47A941E6BDC7]
[EL Fine]: sql: 2015-12-21 07:35:40.153--ClientSession(1609863855)--Connection(248153341)--Thread(Thread[Test worker,5,main])--UPDATE ast_UserCart_M SET updatedBy = ?, versionId = ? WHERE ((userCartId = ?) AND (versionId = ?))
	bind => [AAAAA, 2, 2E14E9CD-7698-4BA0-BEEB-47A941E6BDC7, 1]
In around repository aspect
[EL Fine]: sql: 2015-12-21 07:35:40.159--ClientSession(1270470141)--Connection(248153341)--Thread(Thread[Test worker,5,main])--SELECT userCartId, cartTotal, productId, productQty, userId, versionId, createdBy, createdDate, updatedBy, updatedDate, activeStatus, txnAccessCode FROM ast_UserCart_M WHERE ((activeStatus = ?) AND (userCartId = ?))
	bind => [1, 2E14E9CD-7698-4BA0-BEEB-47A941E6BDC7]
In around repository aspect
[EL Fine]: sql: 2015-12-21 07:35:40.163--ClientSession(1065199983)--Connection(248153341)--Thread(Thread[Test worker,5,main])--SELECT userCartId, cartTotal, productId, productQty, userId, versionId, createdBy, createdDate, updatedBy, updatedDate, activeStatus, txnAccessCode FROM ast_UserCart_M WHERE ((activeStatus = ?) AND (productId = ?))
	bind => [1, D652C3B5-C355-4EAA-A19D-D38B366A1853]
In around repository aspect
[EL Fine]: sql: 2015-12-21 07:35:40.168--ClientSession(2058344824)--Connection(248153341)--Thread(Thread[Test worker,5,main])--SELECT userCartId, cartTotal, productId, productQty, userId, versionId, createdBy, createdDate, updatedBy, updatedDate, activeStatus, txnAccessCode FROM ast_UserCart_M WHERE ((activeStatus = ?) AND (userId = ?))
	bind => [1, ED110643-5719-49BB-B2BC-B36BEAAB8F42]
In around repository aspect
[EL Fine]: sql: 2015-12-21 07:35:40.172--ClientSession(201339715)--Connection(248153341)--Thread(Thread[Test worker,5,main])--SELECT userCartId, cartTotal, productId, productQty, userId, versionId, createdBy, createdDate, updatedBy, updatedDate, activeStatus, txnAccessCode FROM ast_UserCart_M WHERE (userCartId = ?)
	bind => [2E14E9CD-7698-4BA0-BEEB-47A941E6BDC7]
[EL Fine]: sql: 2015-12-21 07:35:40.174--ClientSession(201339715)--Connection(248153341)--Thread(Thread[Test worker,5,main])--DELETE FROM ast_UserCart_M WHERE ((userCartId = ?) AND (versionId = ?))
	bind => [2E14E9CD-7698-4BA0-BEEB-47A941E6BDC7, 2]
In around repository aspect
[EL Fine]: sql: 2015-12-21 07:35:40.177--ClientSession(1890961544)--Connection(248153341)--Thread(Thread[Test worker,5,main])--SELECT userId, allowMultipleLogin, changePasswordNextLogin, genTempOneTimePassword, isDeleted, isLocked, lastPasswordChangeDate, multiFactorAuthEnabled, passwordAlgo, passwordExpiryDate, sessionTimeout, userAccessCode, userAccessDomainId, userAccessLevelId, versionId, createdBy, createdDate, updatedBy, updatedDate, activeStatus, txnAccessCode FROM ast_User_T WHERE (userId = ?)
	bind => [ED110643-5719-49BB-B2BC-B36BEAAB8F42]
[EL Fine]: sql: 2015-12-21 07:35:40.178--ClientSession(1890961544)--Connection(248153341)--Thread(Thread[Test worker,5,main])--SELECT userDataId, last5Passwords, oneTimePassword, oneTimePasswordExpiry, oneTimePasswordGenDate, password, versionId, createdBy, createdDate, updatedBy, updatedDate, activeStatus, txnAccessCode, userId FROM ast_UserData_TP WHERE (userId = ?)
	bind => [ED110643-5719-49BB-B2BC-B36BEAAB8F42]
[EL Fine]: sql: 2015-12-21 07:35:40.178--ClientSession(1890961544)--Connection(248153341)--Thread(Thread[Test worker,5,main])--SELECT passRecoveryId, answer, questionId, versionId, createdBy, createdDate, updatedBy, updatedDate, activeStatus, txnAccessCode, userId FROM ast_PassRecovery_TP WHERE (userId = ?)
	bind => [ED110643-5719-49BB-B2BC-B36BEAAB8F42]
[EL Fine]: sql: 2015-12-21 07:35:40.179--ClientSession(1890961544)--Connection(248153341)--Thread(Thread[Test worker,5,main])--DELETE FROM ast_User_T WHERE ((userId = ?) AND (versionId = ?))
	bind => [ED110643-5719-49BB-B2BC-B36BEAAB8F42, 1]
In around repository aspect
[EL Fine]: sql: 2015-12-21 07:35:40.184--ClientSession(1078782291)--Connection(248153341)--Thread(Thread[Test worker,5,main])--SELECT userAccessLevelId, levelDescription, levelHelp, levelIcon, levelName, userAccessLevel, versionId, createdBy, createdDate, updatedBy, updatedDate, activeStatus, txnAccessCode FROM ast_UserAccessLevel_M WHERE (userAccessLevelId = ?)
	bind => [5B8EBD0D-EE3D-446C-A878-D4899D5855E4]
[EL Fine]: sql: 2015-12-21 07:35:40.185--ClientSession(1078782291)--Connection(248153341)--Thread(Thread[Test worker,5,main])--DELETE FROM ast_UserAccessLevel_M WHERE ((userAccessLevelId = ?) AND (versionId = ?))
	bind => [5B8EBD0D-EE3D-446C-A878-D4899D5855E4, 1]
In around repository aspect
[EL Fine]: sql: 2015-12-21 07:35:40.19--ClientSession(1287459562)--Connection(248153341)--Thread(Thread[Test worker,5,main])--SELECT userAccessDomainId, domainDescription, domainHelp, domainIcon, domainName, userAccessDomain, versionId, createdBy, createdDate, updatedBy, updatedDate, activeStatus, txnAccessCode FROM ast_UserAccessDomain_M WHERE (userAccessDomainId = ?)
	bind => [716A911D-6561-4D16-AADC-A5659B671C3C]
[EL Fine]: sql: 2015-12-21 07:35:40.191--ClientSession(1287459562)--Connection(248153341)--Thread(Thread[Test worker,5,main])--DELETE FROM ast_UserAccessDomain_M WHERE ((userAccessDomainId = ?) AND (versionId = ?))
	bind => [716A911D-6561-4D16-AADC-A5659B671C3C, 1]
In around repository aspect
[EL Fine]: sql: 2015-12-21 07:35:40.196--ClientSession(595070086)--Connection(248153341)--Thread(Thread[Test worker,5,main])--SELECT productId, productDesc, productName, productStock, productUnitPrice, versionId, createdBy, createdDate, updatedBy, updatedDate, activeStatus, txnAccessCode FROM ast_Product_M WHERE (productId = ?)
	bind => [D652C3B5-C355-4EAA-A19D-D38B366A1853]
[EL Fine]: sql: 2015-12-21 07:35:40.197--ClientSession(595070086)--Connection(248153341)--Thread(Thread[Test worker,5,main])--DELETE FROM ast_Product_M WHERE ((productId = ?) AND (versionId = ?))
	bind => [D652C3B5-C355-4EAA-A19D-D38B366A1853, 1]
]]></system-out>
  <system-err><![CDATA[]]></system-err>
</testsuite>
