<?xml version="1.0" encoding="UTF-8"?>
<testsuite name="com.app.server.service.QuestionTestCase" tests="4" skipped="0" failures="0" errors="0" timestamp="2015-12-21T07:35:38" hostname="e39261aec3e6" time="0.064">
  <properties/>
  <testcase name="test1Save" classname="com.app.server.service.QuestionTestCase" time="0.041"/>
  <testcase name="test2Update" classname="com.app.server.service.QuestionTestCase" time="0.011"/>
  <testcase name="test3FindById" classname="com.app.server.service.QuestionTestCase" time="0.004"/>
  <testcase name="test4Delete" classname="com.app.server.service.QuestionTestCase" time="0.008"/>
  <system-out><![CDATA[Setting logged in user info for ADD
In around repository aspect
[EL Fine]: sql: 2015-12-21 07:35:38.482--ClientSession(766994649)--Connection(248153341)--Thread(Thread[Test worker,5,main])--INSERT INTO ast_Question_M (questionId, levelid, question, questionDetails, questionIcon, versionId, createdBy, createdDate, updatedBy, updatedDate, activeStatus, txnAccessCode) VALUES (?, ?, ?, ?, ?, ?, ?, ?, ?, ?, ?, ?)
	bind => [B99B21DC-2D96-4329-81CD-8CFF8077F8C9, 0, 1mplJsCo18eWvGJqU1Xk1a5gvJA8wmAABAjkPm9MhwEbfSnGe6, fxP, 3XZjxXJsV8Jiik57EUXXbBJb2pDkXa5yzr7OA4tbEF81leIvSe, 1, AAAAA, 2015-12-21 13:05:38.454, null, 2015-12-21 13:05:38.454, 1, null]
In around repository aspect
[EL Fine]: sql: 2015-12-21 07:35:38.489--ClientSession(1354966972)--Connection(248153341)--Thread(Thread[Test worker,5,main])--SELECT questionId, levelid, question, questionDetails, questionIcon, versionId, createdBy, createdDate, updatedBy, updatedDate, activeStatus, txnAccessCode FROM ast_Question_M WHERE ((activeStatus = ?) AND (questionId = ?))
	bind => [1, B99B21DC-2D96-4329-81CD-8CFF8077F8C9]
Setting logged in user info for UPDATE
In around repository aspect
[EL Fine]: sql: 2015-12-21 07:35:38.491--ClientSession(1620167761)--Connection(248153341)--Thread(Thread[Test worker,5,main])--SELECT questionId, levelid, question, questionDetails, questionIcon, versionId, createdBy, createdDate, updatedBy, updatedDate, activeStatus, txnAccessCode FROM ast_Question_M WHERE (questionId = ?)
	bind => [B99B21DC-2D96-4329-81CD-8CFF8077F8C9]
[EL Fine]: sql: 2015-12-21 07:35:38.493--ClientSession(1620167761)--Connection(248153341)--Thread(Thread[Test worker,5,main])--UPDATE ast_Question_M SET levelid = ?, question = ?, questionDetails = ?, questionIcon = ?, updatedBy = ?, versionId = ? WHERE ((questionId = ?) AND (versionId = ?))
	bind => [1, qgMY6R8zwQqyNISKls1QmRvz4pcGjkQWFxeHrH6nCV4s3zkePF, n4n, hIJvgNs1Z8CByF1gZ3huMAPpJVeWFZcMg4emjjCQ2KpO1yzBW5, AAAAA, 2, B99B21DC-2D96-4329-81CD-8CFF8077F8C9, 1]
In around repository aspect
[EL Fine]: sql: 2015-12-21 07:35:38.499--ClientSession(893172868)--Connection(248153341)--Thread(Thread[Test worker,5,main])--SELECT questionId, levelid, question, questionDetails, questionIcon, versionId, createdBy, createdDate, updatedBy, updatedDate, activeStatus, txnAccessCode FROM ast_Question_M WHERE ((activeStatus = ?) AND (questionId = ?))
	bind => [1, B99B21DC-2D96-4329-81CD-8CFF8077F8C9]
In around repository aspect
[EL Fine]: sql: 2015-12-21 07:35:38.504--ClientSession(849961509)--Connection(248153341)--Thread(Thread[Test worker,5,main])--SELECT questionId, levelid, question, questionDetails, questionIcon, versionId, createdBy, createdDate, updatedBy, updatedDate, activeStatus, txnAccessCode FROM ast_Question_M WHERE (questionId = ?)
	bind => [B99B21DC-2D96-4329-81CD-8CFF8077F8C9]
[EL Fine]: sql: 2015-12-21 07:35:38.506--ClientSession(849961509)--Connection(248153341)--Thread(Thread[Test worker,5,main])--DELETE FROM ast_Question_M WHERE ((questionId = ?) AND (versionId = ?))
	bind => [B99B21DC-2D96-4329-81CD-8CFF8077F8C9, 2]
]]></system-out>
  <system-err><![CDATA[]]></system-err>
</testsuite>
