<?xml version="1.0" encoding="UTF-8"?>
<testsuite name="com.app.server.service.ProductTestCase" tests="4" skipped="0" failures="0" errors="0" timestamp="2015-12-21T07:19:01" hostname="3b44d96da3d9" time="0.066">
  <properties/>
  <testcase name="test1Save" classname="com.app.server.service.ProductTestCase" time="0.041"/>
  <testcase name="test2Update" classname="com.app.server.service.ProductTestCase" time="0.011"/>
  <testcase name="test3FindById" classname="com.app.server.service.ProductTestCase" time="0.004"/>
  <testcase name="test4Delete" classname="com.app.server.service.ProductTestCase" time="0.009"/>
  <system-out><![CDATA[Setting logged in user info for ADD
In around repository aspect
[EL Fine]: sql: 2015-12-21 07:19:01.919--ClientSession(259518330)--Connection(668592396)--Thread(Thread[Test worker,5,main])--INSERT INTO ast_Product_M (productId, productDesc, productName, productStock, productUnitPrice, versionId, createdBy, createdDate, updatedBy, updatedDate, activeStatus, txnAccessCode) VALUES (?, ?, ?, ?, ?, ?, ?, ?, ?, ?, ?, ?)
	bind => [BC5245B5-A465-4B4B-9217-E81E2842D9ED, Stgm6JeHALzC6W8NNBqsL8QaPh9Npx08J5s2z0rzIcza4oGg1f, 7kZKybxU6wdSxroShvS5SIN8TnSZQSeFP0kGktuXTlOQIvtd9C, 2147483647, 12.34, 1, AAAAA, 2015-12-21 12:49:01.891, null, 2015-12-21 12:49:01.891, 1, null]
In around repository aspect
[EL Fine]: sql: 2015-12-21 07:19:01.926--ClientSession(922443030)--Connection(668592396)--Thread(Thread[Test worker,5,main])--SELECT productId, productDesc, productName, productStock, productUnitPrice, versionId, createdBy, createdDate, updatedBy, updatedDate, activeStatus, txnAccessCode FROM ast_Product_M WHERE ((activeStatus = ?) AND (productId = ?))
	bind => [1, BC5245B5-A465-4B4B-9217-E81E2842D9ED]
Setting logged in user info for UPDATE
In around repository aspect
[EL Fine]: sql: 2015-12-21 07:19:01.929--ClientSession(925232873)--Connection(668592396)--Thread(Thread[Test worker,5,main])--SELECT productId, productDesc, productName, productStock, productUnitPrice, versionId, createdBy, createdDate, updatedBy, updatedDate, activeStatus, txnAccessCode FROM ast_Product_M WHERE (productId = ?)
	bind => [BC5245B5-A465-4B4B-9217-E81E2842D9ED]
[EL Fine]: sql: 2015-12-21 07:19:01.93--ClientSession(925232873)--Connection(668592396)--Thread(Thread[Test worker,5,main])--UPDATE ast_Product_M SET productDesc = ?, productName = ?, updatedBy = ?, versionId = ? WHERE ((productId = ?) AND (versionId = ?))
	bind => [4qMwIzWyjywbZLABOFCQxUBo2iI0KVHCKlHUzhZEhxpDFc3grM, OG2wiXPyHm4aiVjCDKDo5RQU5eW533ieJJuUPW4ciiRXoByNTl, AAAAA, 2, BC5245B5-A465-4B4B-9217-E81E2842D9ED, 1]
In around repository aspect
[EL Fine]: sql: 2015-12-21 07:19:01.936--ClientSession(217145012)--Connection(668592396)--Thread(Thread[Test worker,5,main])--SELECT productId, productDesc, productName, productStock, productUnitPrice, versionId, createdBy, createdDate, updatedBy, updatedDate, activeStatus, txnAccessCode FROM ast_Product_M WHERE ((activeStatus = ?) AND (productId = ?))
	bind => [1, BC5245B5-A465-4B4B-9217-E81E2842D9ED]
In around repository aspect
[EL Fine]: sql: 2015-12-21 07:19:01.941--ClientSession(114146844)--Connection(668592396)--Thread(Thread[Test worker,5,main])--SELECT productId, productDesc, productName, productStock, productUnitPrice, versionId, createdBy, createdDate, updatedBy, updatedDate, activeStatus, txnAccessCode FROM ast_Product_M WHERE (productId = ?)
	bind => [BC5245B5-A465-4B4B-9217-E81E2842D9ED]
[EL Fine]: sql: 2015-12-21 07:19:01.942--ClientSession(114146844)--Connection(668592396)--Thread(Thread[Test worker,5,main])--DELETE FROM ast_Product_M WHERE ((productId = ?) AND (versionId = ?))
	bind => [BC5245B5-A465-4B4B-9217-E81E2842D9ED, 2]
]]></system-out>
  <system-err><![CDATA[]]></system-err>
</testsuite>
