<?xml version="1.0" encoding="UTF-8"?>
<testsuite name="com.app.server.service.GenderTestCase" tests="4" skipped="0" failures="0" errors="0" timestamp="2015-12-21T07:35:38" hostname="e39261aec3e6" time="0.059">
  <properties/>
  <testcase name="test1Save" classname="com.app.server.service.GenderTestCase" time="0.038"/>
  <testcase name="test2Update" classname="com.app.server.service.GenderTestCase" time="0.009"/>
  <testcase name="test3FindById" classname="com.app.server.service.GenderTestCase" time="0.005"/>
  <testcase name="test4Delete" classname="com.app.server.service.GenderTestCase" time="0.007"/>
  <system-out><![CDATA[Setting logged in user info for ADD
In around repository aspect
[EL Fine]: sql: 2015-12-21 07:35:38.867--ClientSession(350404620)--Connection(248153341)--Thread(Thread[Test worker,5,main])--INSERT INTO ast_Gender_M (genderId, gender, versionId, createdBy, createdDate, updatedBy, updatedDate, activeStatus, txnAccessCode) VALUES (?, ?, ?, ?, ?, ?, ?, ?, ?)
	bind => [0FB8235E-12A9-4F66-B460-13F74EEF5619, 5hNGFE8rNoMoOi1Rm4GD7GbHOrC89gQeFEqubIbepq3M3KjHFu, 1, AAAAA, 2015-12-21 13:05:38.843, null, 2015-12-21 13:05:38.843, 1, null]
In around repository aspect
[EL Fine]: sql: 2015-12-21 07:35:38.874--ClientSession(30078420)--Connection(248153341)--Thread(Thread[Test worker,5,main])--SELECT genderId, gender, versionId, createdBy, createdDate, updatedBy, updatedDate, activeStatus, txnAccessCode FROM ast_Gender_M WHERE ((activeStatus = ?) AND (genderId = ?))
	bind => [1, 0FB8235E-12A9-4F66-B460-13F74EEF5619]
Setting logged in user info for UPDATE
In around repository aspect
[EL Fine]: sql: 2015-12-21 07:35:38.876--ClientSession(1101135013)--Connection(248153341)--Thread(Thread[Test worker,5,main])--SELECT genderId, gender, versionId, createdBy, createdDate, updatedBy, updatedDate, activeStatus, txnAccessCode FROM ast_Gender_M WHERE (genderId = ?)
	bind => [0FB8235E-12A9-4F66-B460-13F74EEF5619]
[EL Fine]: sql: 2015-12-21 07:35:38.877--ClientSession(1101135013)--Connection(248153341)--Thread(Thread[Test worker,5,main])--UPDATE ast_Gender_M SET gender = ?, updatedBy = ?, versionId = ? WHERE ((genderId = ?) AND (versionId = ?))
	bind => [Kb07d3X2F46tQdGmqiUTlZ1GkVCdSDBbvTMYM6RErypLyKB4DW, AAAAA, 2, 0FB8235E-12A9-4F66-B460-13F74EEF5619, 1]
In around repository aspect
[EL Fine]: sql: 2015-12-21 07:35:38.883--ClientSession(1242093061)--Connection(248153341)--Thread(Thread[Test worker,5,main])--SELECT genderId, gender, versionId, createdBy, createdDate, updatedBy, updatedDate, activeStatus, txnAccessCode FROM ast_Gender_M WHERE ((activeStatus = ?) AND (genderId = ?))
	bind => [1, 0FB8235E-12A9-4F66-B460-13F74EEF5619]
In around repository aspect
[EL Fine]: sql: 2015-12-21 07:35:38.887--ClientSession(725060382)--Connection(248153341)--Thread(Thread[Test worker,5,main])--SELECT genderId, gender, versionId, createdBy, createdDate, updatedBy, updatedDate, activeStatus, txnAccessCode FROM ast_Gender_M WHERE (genderId = ?)
	bind => [0FB8235E-12A9-4F66-B460-13F74EEF5619]
[EL Fine]: sql: 2015-12-21 07:35:38.889--ClientSession(725060382)--Connection(248153341)--Thread(Thread[Test worker,5,main])--DELETE FROM ast_Gender_M WHERE ((genderId = ?) AND (versionId = ?))
	bind => [0FB8235E-12A9-4F66-B460-13F74EEF5619, 2]
]]></system-out>
  <system-err><![CDATA[]]></system-err>
</testsuite>
