<?xml version="1.0" encoding="UTF-8"?>
<testsuite name="com.app.server.service.AddressTypeTestCase" tests="4" skipped="0" failures="0" errors="0" timestamp="2015-12-21T07:35:38" hostname="e39261aec3e6" time="0.074">
  <properties/>
  <testcase name="test1Save" classname="com.app.server.service.AddressTypeTestCase" time="0.049"/>
  <testcase name="test2Update" classname="com.app.server.service.AddressTypeTestCase" time="0.011"/>
  <testcase name="test3FindById" classname="com.app.server.service.AddressTypeTestCase" time="0.005"/>
  <testcase name="test4Delete" classname="com.app.server.service.AddressTypeTestCase" time="0.009"/>
  <system-out><![CDATA[Setting logged in user info for ADD
In around repository aspect
[EL Fine]: sql: 2015-12-21 07:35:38.149--ClientSession(323363227)--Connection(248153341)--Thread(Thread[Test worker,5,main])--INSERT INTO ast_AddressType_M (addressTypeId, addressType, addressTypeDesc, addressTypeIcon, versionId, createdBy, createdDate, updatedBy, updatedDate, activeStatus, txnAccessCode) VALUES (?, ?, ?, ?, ?, ?, ?, ?, ?, ?, ?)
	bind => [0147BB02-9B02-478F-B069-913AFF676ACE, zglhEWERpWTwiQyGLdApeHU2XTdoOOF4tCi8IZJ89uja6Antn8, HSiRWOvrTAjLhc3X3AC00AoBetvcXy5PcqA0T4t7gBDwXDUiZR, naDiZnkl8deC4itx8B23GL2Xod4hkq0Ux6GAmvl2heKdtBaJuw, 1, AAAAA, 2015-12-21 13:05:38.114, null, 2015-12-21 13:05:38.114, 1, null]
In around repository aspect
[EL Fine]: sql: 2015-12-21 07:35:38.157--ClientSession(1339820237)--Connection(248153341)--Thread(Thread[Test worker,5,main])--SELECT addressTypeId, addressType, addressTypeDesc, addressTypeIcon, versionId, createdBy, createdDate, updatedBy, updatedDate, activeStatus, txnAccessCode FROM ast_AddressType_M WHERE ((activeStatus = ?) AND (addressTypeId = ?))
	bind => [1, 0147BB02-9B02-478F-B069-913AFF676ACE]
Setting logged in user info for UPDATE
In around repository aspect
[EL Fine]: sql: 2015-12-21 07:35:38.159--ClientSession(1150542859)--Connection(248153341)--Thread(Thread[Test worker,5,main])--SELECT addressTypeId, addressType, addressTypeDesc, addressTypeIcon, versionId, createdBy, createdDate, updatedBy, updatedDate, activeStatus, txnAccessCode FROM ast_AddressType_M WHERE (addressTypeId = ?)
	bind => [0147BB02-9B02-478F-B069-913AFF676ACE]
[EL Fine]: sql: 2015-12-21 07:35:38.161--ClientSession(1150542859)--Connection(248153341)--Thread(Thread[Test worker,5,main])--UPDATE ast_AddressType_M SET addressType = ?, addressTypeDesc = ?, addressTypeIcon = ?, updatedBy = ?, versionId = ? WHERE ((addressTypeId = ?) AND (versionId = ?))
	bind => [MSU1IIAN5mEyn7R979USBHBCzMbBPVNW2xdazNyIt5WC3Ym34M, f4JeEyJoDMUAPmUJr2OT2Mp03bQAc9F7AMDHk0WZMLTOPb3Hqj, yNhByTp56m41oFNn7dHXtg3qMVi0rPDba35jyEdizxetblrx0O, AAAAA, 2, 0147BB02-9B02-478F-B069-913AFF676ACE, 1]
In around repository aspect
[EL Fine]: sql: 2015-12-21 07:35:38.167--ClientSession(10484627)--Connection(248153341)--Thread(Thread[Test worker,5,main])--SELECT addressTypeId, addressType, addressTypeDesc, addressTypeIcon, versionId, createdBy, createdDate, updatedBy, updatedDate, activeStatus, txnAccessCode FROM ast_AddressType_M WHERE ((activeStatus = ?) AND (addressTypeId = ?))
	bind => [1, 0147BB02-9B02-478F-B069-913AFF676ACE]
In around repository aspect
[EL Fine]: sql: 2015-12-21 07:35:38.172--ClientSession(1511643917)--Connection(248153341)--Thread(Thread[Test worker,5,main])--SELECT addressTypeId, addressType, addressTypeDesc, addressTypeIcon, versionId, createdBy, createdDate, updatedBy, updatedDate, activeStatus, txnAccessCode FROM ast_AddressType_M WHERE (addressTypeId = ?)
	bind => [0147BB02-9B02-478F-B069-913AFF676ACE]
[EL Fine]: sql: 2015-12-21 07:35:38.174--ClientSession(1511643917)--Connection(248153341)--Thread(Thread[Test worker,5,main])--DELETE FROM ast_AddressType_M WHERE ((addressTypeId = ?) AND (versionId = ?))
	bind => [0147BB02-9B02-478F-B069-913AFF676ACE, 2]
]]></system-out>
  <system-err><![CDATA[]]></system-err>
</testsuite>
