<?xml version="1.0" encoding="UTF-8"?>
<testsuite name="com.app.server.service.AppCustomerCategoryTestCase" tests="4" skipped="0" failures="0" errors="0" timestamp="2015-12-21T07:19:01" hostname="3b44d96da3d9" time="0.067">
  <properties/>
  <testcase name="test1Save" classname="com.app.server.service.AppCustomerCategoryTestCase" time="0.044"/>
  <testcase name="test2Update" classname="com.app.server.service.AppCustomerCategoryTestCase" time="0.011"/>
  <testcase name="test3FindById" classname="com.app.server.service.AppCustomerCategoryTestCase" time="0.004"/>
  <testcase name="test4Delete" classname="com.app.server.service.AppCustomerCategoryTestCase" time="0.008"/>
  <system-out><![CDATA[Setting logged in user info for ADD
In around repository aspect
[EL Fine]: sql: 2015-12-21 07:19:01.991--ClientSession(23041368)--Connection(668592396)--Thread(Thread[Test worker,5,main])--INSERT INTO ast_AppCustomerCategory_M (appcustCategoryId, customerCategory, versionId, createdBy, createdDate, updatedBy, updatedDate, activeStatus, txnAccessCode) VALUES (?, ?, ?, ?, ?, ?, ?, ?, ?)
	bind => [142D9947-FB73-48F3-B0AE-34A47C66DB95, Gqsb2i5GH4W5Hq24z7UbPqTFhoBLdFWFm1XkjwUAjMdVMbzbUN, 1, AAAAA, 2015-12-21 12:49:01.962, null, 2015-12-21 12:49:01.962, 1, null]
In around repository aspect
[EL Fine]: sql: 2015-12-21 07:19:01.999--ClientSession(1592195000)--Connection(668592396)--Thread(Thread[Test worker,5,main])--SELECT appcustCategoryId, customerCategory, versionId, createdBy, createdDate, updatedBy, updatedDate, activeStatus, txnAccessCode FROM ast_AppCustomerCategory_M WHERE ((activeStatus = ?) AND (appcustCategoryId = ?))
	bind => [1, 142D9947-FB73-48F3-B0AE-34A47C66DB95]
Setting logged in user info for UPDATE
In around repository aspect
[EL Fine]: sql: 2015-12-21 07:19:02.001--ClientSession(20868844)--Connection(668592396)--Thread(Thread[Test worker,5,main])--SELECT appcustCategoryId, customerCategory, versionId, createdBy, createdDate, updatedBy, updatedDate, activeStatus, txnAccessCode FROM ast_AppCustomerCategory_M WHERE (appcustCategoryId = ?)
	bind => [142D9947-FB73-48F3-B0AE-34A47C66DB95]
[EL Fine]: sql: 2015-12-21 07:19:02.003--ClientSession(20868844)--Connection(668592396)--Thread(Thread[Test worker,5,main])--UPDATE ast_AppCustomerCategory_M SET customerCategory = ?, updatedBy = ?, versionId = ? WHERE ((appcustCategoryId = ?) AND (versionId = ?))
	bind => [fmOy8mZLzNVuHBJ2rpTbHkafHtd0cKDxyjFtNdpT26LN6rWySF, AAAAA, 2, 142D9947-FB73-48F3-B0AE-34A47C66DB95, 1]
In around repository aspect
[EL Fine]: sql: 2015-12-21 07:19:02.009--ClientSession(864925633)--Connection(668592396)--Thread(Thread[Test worker,5,main])--SELECT appcustCategoryId, customerCategory, versionId, createdBy, createdDate, updatedBy, updatedDate, activeStatus, txnAccessCode FROM ast_AppCustomerCategory_M WHERE ((activeStatus = ?) AND (appcustCategoryId = ?))
	bind => [1, 142D9947-FB73-48F3-B0AE-34A47C66DB95]
In around repository aspect
[EL Fine]: sql: 2015-12-21 07:19:02.014--ClientSession(2120214567)--Connection(668592396)--Thread(Thread[Test worker,5,main])--SELECT appcustCategoryId, customerCategory, versionId, createdBy, createdDate, updatedBy, updatedDate, activeStatus, txnAccessCode FROM ast_AppCustomerCategory_M WHERE (appcustCategoryId = ?)
	bind => [142D9947-FB73-48F3-B0AE-34A47C66DB95]
[EL Fine]: sql: 2015-12-21 07:19:02.015--ClientSession(2120214567)--Connection(668592396)--Thread(Thread[Test worker,5,main])--DELETE FROM ast_AppCustomerCategory_M WHERE ((appcustCategoryId = ?) AND (versionId = ?))
	bind => [142D9947-FB73-48F3-B0AE-34A47C66DB95, 2]
]]></system-out>
  <system-err><![CDATA[]]></system-err>
</testsuite>
