<?xml version="1.0" encoding="UTF-8"?>
<testsuite name="com.app.server.service.PasswordAlgoTestCase" tests="4" skipped="0" failures="0" errors="0" timestamp="2015-12-21T07:19:03" hostname="3b44d96da3d9" time="0.058">
  <properties/>
  <testcase name="test1Save" classname="com.app.server.service.PasswordAlgoTestCase" time="0.037"/>
  <testcase name="test2Update" classname="com.app.server.service.PasswordAlgoTestCase" time="0.009"/>
  <testcase name="test3FindById" classname="com.app.server.service.PasswordAlgoTestCase" time="0.004"/>
  <testcase name="test4Delete" classname="com.app.server.service.PasswordAlgoTestCase" time="0.006"/>
  <system-out><![CDATA[Setting logged in user info for ADD
In around repository aspect
[EL Fine]: sql: 2015-12-21 07:19:03.218--ClientSession(497882963)--Connection(668592396)--Thread(Thread[Test worker,5,main])--INSERT INTO ast_PasswordAlgo_M (algoId, algoDescription, algoHelp, algoIcon, algoName, algorithm, versionId, createdBy, createdDate, updatedBy, updatedDate, activeStatus, txnAccessCode) VALUES (?, ?, ?, ?, ?, ?, ?, ?, ?, ?, ?, ?, ?)
	bind => [CC5E46FA-7776-433C-97AE-542A1A2266CF, c8NGoBQx0oTtUQPWz7WDkupG5sxcMmZcLqkXa6B0wXWGiFiln8, Apd5uzQo2650aZ62QtmLk6PVgG6GkR8tHzzz1N8rJYaiNQiRtn, BOEJyivAggXTJkDC6EIcWbRj8hC7JTzabTLa5Ee2KwkdJFkCUS, qhuHEYphLprqAVssXxeAck1Rbx2p2xckAMZxRMhJZ8w5yC8iLT, 6, 1, AAAAA, 2015-12-21 12:49:03.193, null, 2015-12-21 12:49:03.193, 1, null]
In around repository aspect
[EL Fine]: sql: 2015-12-21 07:19:03.226--ClientSession(1633229662)--Connection(668592396)--Thread(Thread[Test worker,5,main])--SELECT algoId, algoDescription, algoHelp, algoIcon, algoName, algorithm, versionId, createdBy, createdDate, updatedBy, updatedDate, activeStatus, txnAccessCode FROM ast_PasswordAlgo_M WHERE ((activeStatus = ?) AND (algoId = ?))
	bind => [1, CC5E46FA-7776-433C-97AE-542A1A2266CF]
Setting logged in user info for UPDATE
In around repository aspect
[EL Fine]: sql: 2015-12-21 07:19:03.228--ClientSession(287198578)--Connection(668592396)--Thread(Thread[Test worker,5,main])--SELECT algoId, algoDescription, algoHelp, algoIcon, algoName, algorithm, versionId, createdBy, createdDate, updatedBy, updatedDate, activeStatus, txnAccessCode FROM ast_PasswordAlgo_M WHERE (algoId = ?)
	bind => [CC5E46FA-7776-433C-97AE-542A1A2266CF]
[EL Fine]: sql: 2015-12-21 07:19:03.229--ClientSession(287198578)--Connection(668592396)--Thread(Thread[Test worker,5,main])--UPDATE ast_PasswordAlgo_M SET algoDescription = ?, algoHelp = ?, algoIcon = ?, algoName = ?, algorithm = ?, updatedBy = ?, versionId = ? WHERE ((algoId = ?) AND (versionId = ?))
	bind => [QMBE6XeVcknzJQFk6DM73Xny2gBMNU7PMy9MUn0BY6LMQ0OqUc, L6rEEzVA1mX0Ehc18hl6p15kCvKWsFccuQSrRTUl2bR5uBWpOh, HYuZJ8KcZLw4TNX1FnQXJ710QdFMXE37t0MUKSusWAwN5zVUet, 93gSaz0Xqqj1Fu1BCQPeumBKj3mPAbMrBzfi2jtqfBRi7hCrHD, 11, AAAAA, 2, CC5E46FA-7776-433C-97AE-542A1A2266CF, 1]
In around repository aspect
[EL Fine]: sql: 2015-12-21 07:19:03.235--ClientSession(1459752957)--Connection(668592396)--Thread(Thread[Test worker,5,main])--SELECT algoId, algoDescription, algoHelp, algoIcon, algoName, algorithm, versionId, createdBy, createdDate, updatedBy, updatedDate, activeStatus, txnAccessCode FROM ast_PasswordAlgo_M WHERE ((activeStatus = ?) AND (algoId = ?))
	bind => [1, CC5E46FA-7776-433C-97AE-542A1A2266CF]
In around repository aspect
[EL Fine]: sql: 2015-12-21 07:19:03.239--ClientSession(326533557)--Connection(668592396)--Thread(Thread[Test worker,5,main])--SELECT algoId, algoDescription, algoHelp, algoIcon, algoName, algorithm, versionId, createdBy, createdDate, updatedBy, updatedDate, activeStatus, txnAccessCode FROM ast_PasswordAlgo_M WHERE (algoId = ?)
	bind => [CC5E46FA-7776-433C-97AE-542A1A2266CF]
[EL Fine]: sql: 2015-12-21 07:19:03.241--ClientSession(326533557)--Connection(668592396)--Thread(Thread[Test worker,5,main])--DELETE FROM ast_PasswordAlgo_M WHERE ((algoId = ?) AND (versionId = ?))
	bind => [CC5E46FA-7776-433C-97AE-542A1A2266CF, 2]
]]></system-out>
  <system-err><![CDATA[]]></system-err>
</testsuite>
