<?xml version="1.0" encoding="UTF-8"?>
<testsuite name="com.app.server.service.AppCustomerCategoryTestCase" tests="4" skipped="0" failures="0" errors="0" timestamp="2015-12-21T07:35:39" hostname="e39261aec3e6" time="0.059">
  <properties/>
  <testcase name="test1Save" classname="com.app.server.service.AppCustomerCategoryTestCase" time="0.039"/>
  <testcase name="test2Update" classname="com.app.server.service.AppCustomerCategoryTestCase" time="0.009"/>
  <testcase name="test3FindById" classname="com.app.server.service.AppCustomerCategoryTestCase" time="0.004"/>
  <testcase name="test4Delete" classname="com.app.server.service.AppCustomerCategoryTestCase" time="0.006"/>
  <system-out><![CDATA[Setting logged in user info for ADD
In around repository aspect
[EL Fine]: sql: 2015-12-21 07:35:39.291--ClientSession(1543550310)--Connection(248153341)--Thread(Thread[Test worker,5,main])--INSERT INTO ast_AppCustomerCategory_M (appcustCategoryId, customerCategory, versionId, createdBy, createdDate, updatedBy, updatedDate, activeStatus, txnAccessCode) VALUES (?, ?, ?, ?, ?, ?, ?, ?, ?)
	bind => [5D027E2D-DDA2-4899-AC1D-40F1F864419F, Gqsb2i5GH4W5Hq24z7UbPqTFhoBLdFWFm1XkjwUAjMdVMbzbUN, 1, AAAAA, 2015-12-21 13:05:39.265, null, 2015-12-21 13:05:39.265, 1, null]
In around repository aspect
[EL Fine]: sql: 2015-12-21 07:35:39.298--ClientSession(1530413551)--Connection(248153341)--Thread(Thread[Test worker,5,main])--SELECT appcustCategoryId, customerCategory, versionId, createdBy, createdDate, updatedBy, updatedDate, activeStatus, txnAccessCode FROM ast_AppCustomerCategory_M WHERE ((activeStatus = ?) AND (appcustCategoryId = ?))
	bind => [1, 5D027E2D-DDA2-4899-AC1D-40F1F864419F]
Setting logged in user info for UPDATE
In around repository aspect
[EL Fine]: sql: 2015-12-21 07:35:39.3--ClientSession(1569290567)--Connection(248153341)--Thread(Thread[Test worker,5,main])--SELECT appcustCategoryId, customerCategory, versionId, createdBy, createdDate, updatedBy, updatedDate, activeStatus, txnAccessCode FROM ast_AppCustomerCategory_M WHERE (appcustCategoryId = ?)
	bind => [5D027E2D-DDA2-4899-AC1D-40F1F864419F]
[EL Fine]: sql: 2015-12-21 07:35:39.302--ClientSession(1569290567)--Connection(248153341)--Thread(Thread[Test worker,5,main])--UPDATE ast_AppCustomerCategory_M SET customerCategory = ?, updatedBy = ?, versionId = ? WHERE ((appcustCategoryId = ?) AND (versionId = ?))
	bind => [fmOy8mZLzNVuHBJ2rpTbHkafHtd0cKDxyjFtNdpT26LN6rWySF, AAAAA, 2, 5D027E2D-DDA2-4899-AC1D-40F1F864419F, 1]
In around repository aspect
[EL Fine]: sql: 2015-12-21 07:35:39.307--ClientSession(2082679019)--Connection(248153341)--Thread(Thread[Test worker,5,main])--SELECT appcustCategoryId, customerCategory, versionId, createdBy, createdDate, updatedBy, updatedDate, activeStatus, txnAccessCode FROM ast_AppCustomerCategory_M WHERE ((activeStatus = ?) AND (appcustCategoryId = ?))
	bind => [1, 5D027E2D-DDA2-4899-AC1D-40F1F864419F]
In around repository aspect
[EL Fine]: sql: 2015-12-21 07:35:39.312--ClientSession(1856063471)--Connection(248153341)--Thread(Thread[Test worker,5,main])--SELECT appcustCategoryId, customerCategory, versionId, createdBy, createdDate, updatedBy, updatedDate, activeStatus, txnAccessCode FROM ast_AppCustomerCategory_M WHERE (appcustCategoryId = ?)
	bind => [5D027E2D-DDA2-4899-AC1D-40F1F864419F]
[EL Fine]: sql: 2015-12-21 07:35:39.313--ClientSession(1856063471)--Connection(248153341)--Thread(Thread[Test worker,5,main])--DELETE FROM ast_AppCustomerCategory_M WHERE ((appcustCategoryId = ?) AND (versionId = ?))
	bind => [5D027E2D-DDA2-4899-AC1D-40F1F864419F, 2]
]]></system-out>
  <system-err><![CDATA[]]></system-err>
</testsuite>
